#
# A fatal error has been detected by the Java Runtime Environment:
#
#  EXCEPTION_ACCESS_VIOLATION (0xc0000005) at pc=0x00007ffcc1ae7d98, pid=28948, tid=23540
#
# JRE version: OpenJDK Runtime Environment Temurin-21.0.5+11 (21.0.5+11) (build 21.0.5+11-LTS)
# Java VM: OpenJDK 64-Bit Server VM Temurin-21.0.5+11 (21.0.5+11-LTS, mixed mode, emulated-client, sharing, tiered, compressed oops, compressed class ptrs, g1 gc, windows-amd64)
# Problematic frame:
# V  [jvm.dll+0x357d98]
#
# No core dump will be written. Minidumps are not enabled by default on client versions of Windows
#
# If you would like to submit a bug report, please visit:
#   https://github.com/adoptium/adoptium-support/issues
#

---------------  S U M M A R Y ------------

Command Line: -XX:+ShowCodeDetailsInExceptionMessages -agentlib:jdwp=transport=dt_socket,suspend=y,address=localhost:52361 -Dcom.sun.management.jmxremote -Dcom.sun.management.jmxremote.port=52360 -Dcom.sun.management.jmxremote.authenticate=false -Dcom.sun.management.jmxremote.ssl=false -Djava.rmi.server.hostname=localhost -Dspring.jmx.enabled=true -Dmanagement.endpoints.jmx.exposure.include=* -Dspring.application.admin.enabled=true -XX:TieredStopAtLevel=1 -Dspring.boot.project.name=UserManagementSystem -javaagent:C:\pleiades\2024-12\eclipse\configuration\org.eclipse.osgi\252\0\.cp\lib\javaagent-shaded.jar -Dfile.encoding=UTF-8 -Dstdout.encoding=UTF-8 -Dstderr.encoding=UTF-8 com.example.demo.UserManagementSystemApplication --spring.output.ansi.enabled=always

Host: Intel(R) Core(TM) i7-10875H CPU @ 2.30GHz, 16 cores, 15G,  Windows 11 , 64 bit Build 26100 (10.0.26100.3775)
Time: Thu May  1 20:33:46 2025  Windows 11 , 64 bit Build 26100 (10.0.26100.3775) elapsed time: 488.806611 seconds (0d 0h 8m 8s)

---------------  T H R E A D  ---------------

Current thread (0x00000175627f7520):  WorkerThread "GC Thread#3"    [id=23540, stack(0x0000000777300000,0x0000000777400000) (1024K)]

Stack: [0x0000000777300000,0x0000000777400000],  sp=0x00000007773fe3c0,  free space=1016k
Native frames: (J=compiled Java code, j=interpreted, Vv=VM code, C=native code)
V  [jvm.dll+0x357d98]
V  [jvm.dll+0x3660ac]
V  [jvm.dll+0x314b1b]
V  [jvm.dll+0x31456d]
V  [jvm.dll+0x3eec75]
V  [jvm.dll+0x851846]
V  [jvm.dll+0x85b6a1]
V  [jvm.dll+0x36699a]
V  [jvm.dll+0x36682a]
V  [jvm.dll+0x36e0e4]
V  [jvm.dll+0x36e25b]
V  [jvm.dll+0x8d5807]
V  [jvm.dll+0x8514fb]
V  [jvm.dll+0x6cbbed]
C  [ucrtbase.dll+0x37b0]
C  [KERNEL32.DLL+0x2e8d7]
C  [ntdll.dll+0xb14fc]

JavaThread 0x0000017562a0f520 (nid = 7004) was being processed
Java frames: (J=compiled Java code, j=interpreted, Vv=VM code)
j  java.lang.invoke.DirectMethodHandle$Holder.newInvokeSpecial(Ljava/lang/Object;)Ljava/lang/Object;+15 java.base@21.0.5
J 942 c1 jdk.internal.reflect.DirectConstructorHandleAccessor.newInstance([Ljava/lang/Object;)Ljava/lang/Object; java.base@21.0.5 (130 bytes) @ 0x00000175527de76c [0x00000175527de560+0x000000000000020c]
J 941 c1 java.lang.reflect.Constructor.newInstanceWithCaller([Ljava/lang/Object;ZLjava/lang/Class;)Ljava/lang/Object; java.base@21.0.5 (51 bytes) @ 0x00000175527d9fbc [0x00000175527d9ee0+0x00000000000000dc]
J 3608 c1 org.springframework.beans.BeanUtils.instantiateClass(Ljava/lang/reflect/Constructor;[Ljava/lang/Object;)Ljava/lang/Object; (208 bytes) @ 0x0000017552ea2e84 [0x0000017552ea2900+0x0000000000000584]
J 8764 c1 org.springframework.beans.factory.support.SimpleInstantiationStrategy.instantiate(Lorg/springframework/beans/factory/support/RootBeanDefinition;Ljava/lang/String;Lorg/springframework/beans/factory/BeanFactory;)Ljava/lang/Object; (123 bytes) @ 0x00000175524b735c [0x00000175524b6ea0+0x00000000000004bc]
J 8763 c1 org.springframework.beans.factory.support.AbstractAutowireCapableBeanFactory.instantiateBean(Ljava/lang/String;Lorg/springframework/beans/factory/support/RootBeanDefinition;)Lorg/springframework/beans/BeanWrapper; (51 bytes) @ 0x00000175524b8774 [0x00000175524b86c0+0x00000000000000b4]
J 6342 c1 org.springframework.beans.factory.support.AbstractAutowireCapableBeanFactory.createBeanInstance(Ljava/lang/String;Lorg/springframework/beans/factory/support/RootBeanDefinition;[Ljava/lang/Object;)Lorg/springframework/beans/BeanWrapper; (245 bytes) @ 0x00000175531f4e7c [0x00000175531f4840+0x000000000000063c]
J 6341 c1 org.springframework.beans.factory.support.AbstractAutowireCapableBeanFactory.doCreateBean(Ljava/lang/String;Lorg/springframework/beans/factory/support/RootBeanDefinition;[Ljava/lang/Object;)Ljava/lang/Object; (465 bytes) @ 0x00000175531fb12c [0x00000175531faf80+0x00000000000001ac]
J 6340 c1 org.springframework.beans.factory.support.AbstractAutowireCapableBeanFactory.createBean(Ljava/lang/String;Lorg/springframework/beans/factory/support/RootBeanDefinition;[Ljava/lang/Object;)Ljava/lang/Object; (214 bytes) @ 0x00000175531f29ac [0x00000175531f24c0+0x00000000000004ec]
J 6361 c1 org.springframework.beans.factory.support.AbstractBeanFactory$$Lambda+0x0000017501268428.getObject()Ljava/lang/Object; (20 bytes) @ 0x00000175531fff3c [0x00000175531ffea0+0x000000000000009c]
J 6358 c1 org.springframework.beans.factory.support.DefaultSingletonBeanRegistry.getSingleton(Ljava/lang/String;Lorg/springframework/beans/factory/ObjectFactory;)Ljava/lang/Object; (1278 bytes) @ 0x0000017553202e8c [0x0000017553201cc0+0x00000000000011cc]
J 3418 c1 org.springframework.beans.factory.support.AbstractBeanFactory.doGetBean(Ljava/lang/String;Ljava/lang/Class;[Ljava/lang/Object;Z)Ljava/lang/Object; (787 bytes) @ 0x0000017552e4d4ac [0x0000017552e4ce20+0x000000000000068c]
J 6407 c1 org.springframework.beans.factory.support.DefaultListableBeanFactory.instantiateSingleton(Ljava/lang/String;)V (56 bytes) @ 0x000001755321a874 [0x000001755321a420+0x0000000000000454]
J 6404 c1 org.springframework.beans.factory.support.DefaultListableBeanFactory.preInstantiateSingleton(Ljava/lang/String;Lorg/springframework/beans/factory/support/RootBeanDefinition;)Ljava/util/concurrent/CompletableFuture; (165 bytes) @ 0x0000017553218ebc [0x0000017553218c00+0x00000000000002bc]
j  org.springframework.beans.factory.support.DefaultListableBeanFactory.preInstantiateSingletons()V+123
j  org.springframework.context.support.AbstractApplicationContext.finishBeanFactoryInitialization(Lorg/springframework/beans/factory/config/ConfigurableListableBeanFactory;)V+284
j  org.springframework.context.support.AbstractApplicationContext.refresh()V+94
j  org.springframework.boot.web.servlet.context.ServletWebServerApplicationContext.refresh()V+1
j  org.springframework.boot.SpringApplication.refresh(Lorg/springframework/context/ConfigurableApplicationContext;)V+1
j  org.springframework.boot.SpringApplication.refreshContext(Lorg/springframework/context/ConfigurableApplicationContext;)V+19
j  org.springframework.boot.SpringApplication.run([Ljava/lang/String;)Lorg/springframework/context/ConfigurableApplicationContext;+113
j  org.springframework.boot.SpringApplication.run([Ljava/lang/Class;[Ljava/lang/String;)Lorg/springframework/context/ConfigurableApplicationContext;+9
j  org.springframework.boot.SpringApplication.run(Ljava/lang/Class;[Ljava/lang/String;)Lorg/springframework/context/ConfigurableApplicationContext;+9
j  com.example.demo.UserManagementSystemApplication.main([Ljava/lang/String;)V+3
j  java.lang.invoke.LambdaForm$DMH+0x0000017501004c00.invokeStatic(Ljava/lang/Object;Ljava/lang/Object;)V+10 java.base@21.0.5
j  java.lang.invoke.LambdaForm$MH+0x0000017501008000.invoke(Ljava/lang/Object;Ljava/lang/Object;Ljava/lang/Object;)Ljava/lang/Object;+33 java.base@21.0.5
J 4415 c1 jdk.internal.reflect.DirectMethodHandleAccessor.invoke(Ljava/lang/Object;[Ljava/lang/Object;)Ljava/lang/Object; java.base@21.0.5 (92 bytes) @ 0x0000017553011a04 [0x00000175530116a0+0x0000000000000364]
J 4513 c1 java.lang.reflect.Method.invoke(Ljava/lang/Object;[Ljava/lang/Object;)Ljava/lang/Object; java.base@21.0.5 (108 bytes) @ 0x0000017553033ef4 [0x0000017553033d00+0x00000000000001f4]
j  org.springframework.boot.devtools.restart.RestartLauncher.run()V+47
v  ~StubRoutines::call_stub 0x000001755231100d

siginfo: EXCEPTION_ACCESS_VIOLATION (0xc0000005), reading address 0x000000000000008c


Registers:
RAX=0x0000000000000000, RBX=0x0000000000000001, RCX=0x00000000000014fe, RDX=0x00000000000014fe
RSP=0x00000007773fe3c0, RBP=0x000000000000000a, RSI=0x0000000776cfd4d0, RDI=0x0000000776cfd4d0
R8 =0x0000017549c7b3a0, R9 =0x000000000e57c600, R10=0x0000017549c7b3a0, R11=0x00000007773fe608
R12=0x000000000e57c600, R13=0x0000000776cfd4d0, R14=0x0000017564aa6330, R15=0x000001750072be1f
RIP=0x00007ffcc1ae7d98, EFLAGS=0x0000000000010202


Register to memory mapping:

RAX=0x0 is null
RBX=0x0000000000000001 is an unknown value
RCX=0x00000000000014fe is an unknown value
RDX=0x00000000000014fe is an unknown value
RSP=0x00000007773fe3c0 points into unknown readable memory: 0x0000000000000000 | 00 00 00 00 00 00 00 00
RBP=0x000000000000000a is an unknown value
RSI=0x0000000776cfd4d0 is pointing into the stack for thread: 0x0000017562a0f520
RDI=0x0000000776cfd4d0 is pointing into the stack for thread: 0x0000017562a0f520
R8 =0x0000017549c7b3a0 points into unknown readable memory: 0x00007ffcc21b38a0 | a0 38 1b c2 fc 7f 00 00
R9 =0x000000000e57c600 is an unknown value
R10=0x0000017549c7b3a0 points into unknown readable memory: 0x00007ffcc21b38a0 | a0 38 1b c2 fc 7f 00 00
R11=0x00000007773fe608 points into unknown readable memory: 0x00007ffcc1aa456d | 6d 45 aa c1 fc 7f 00 00
R12=0x000000000e57c600 is an unknown value
R13=0x0000000776cfd4d0 is pointing into the stack for thread: 0x0000017562a0f520
R14=0x0000017564aa6330 points into unknown readable memory: 0x00007ffcc21babd8 | d8 ab 1b c2 fc 7f 00 00
R15=0x000001750072be1f is pointing into metadata

Top of Stack: (sp=0x00000007773fe3c0)
0x00000007773fe3c0:   0000000000000000 0000000000000008
0x00000007773fe3d0:   000001756361a9c0 0000000000000000
0x00000007773fe3e0:   00000004da854814 00007ffcc1aa9f56
0x00000007773fe3f0:   0000000776cfd4d0 0000000000000000
0x00000007773fe400:   0000000776cfd4d0 00007ffcc1e4bfc2
0x00000007773fe410:   000001756590c828 0000000000000000
0x00000007773fe420:   0000017562665da0 000001755da498b0
0x00000007773fe430:   0000017500543bf8 0000000776cfd4d0
0x00000007773fe440:   0000000776cfd4d0 00000007773fe590
0x00000007773fe450:   000001756590c828 00007ffcc1af60ac
0x00000007773fe460:   00000007773f0000 00000007773f0100
0x00000007773fe470:   0000017500480090 0000000000000000
0x00000007773fe480:   000001756590c828 00007ffcc1aa4b1b
0x00000007773fe490:   0000000000000001 00000007773fe760
0x00000007773fe4a0:   000001756590c828 00000007773fe760
0x00000007773fe4b0:   0000000f52552a01 00000175000b5b20
0x00000007773fe4c0:   00000175627f7520 0000017500000003
0x00000007773fe4d0:   00000000000003d8 000001755da498c0
0x00000007773fe4e0:   000001755da49c98 000001750072be1f
0x00000007773fe4f0:   00000175000000b8 00000175000b5b20
0x00000007773fe500:   00007ffcc21b2140 00000007773fe760
0x00000007773fe510:   000001756590c828 0000000400000003
0x00000007773fe520:   0000017500543bf8 0000001300000001
0x00000007773fe530:   0000000000000032 000000010000000c
0x00000007773fe540:   0000017500480090 0000000000000000
0x00000007773fe550:   00000175655f0594 00004a5b00000002
0x00000007773fe560:   0000000300000001 0000ffff0948e500
0x00000007773fe570:   00007ffcc1fea690 00007ffcc1aa9f56
0x00000007773fe580:   0000017500017358 000000065da40013
0x00000007773fe590:   0000000700000000 0000000000000015
0x00000007773fe5a0:   000001756590c828 00007ffcc1af6117
0x00000007773fe5b0:   000001756590c828 000001756590c828 

Instructions: (pc=0x00007ffcc1ae7d98)
0x00007ffcc1ae7c98:   55 41 56 41 57 48 83 ec 58 80 3d 72 19 8d 00 00
0x00007ffcc1ae7ca8:   49 8b f9 4d 8b e8 0f b7 da 4c 8b f1 74 16 45 8b
0x00007ffcc1ae7cb8:   78 08 8b 0d f8 02 8d 00 49 d3 e7 4c 03 3d e6 02
0x00007ffcc1ae7cc8:   8d 00 eb 04 4d 8b 78 08 49 8b d7 49 8b cd e8 15
0x00007ffcc1ae7cd8:   48 cb ff 4c 8b e0 48 89 7c 24 30 33 c0 8b e8 0f
0x00007ffcc1ae7ce8:   b7 c3 66 c1 e8 08 66 89 84 24 a0 00 00 00 84 c0
0x00007ffcc1ae7cf8:   75 52 48 8b cf 83 e1 03 83 3d 59 1f 8d 00 02 75
0x00007ffcc1ae7d08:   09 48 83 f9 02 0f 94 c1 eb 05 f6 d1 80 e1 01 84
0x00007ffcc1ae7d18:   c9 75 05 48 8b ef eb 12 48 8d 54 24 40 48 8d 4c
0x00007ffcc1ae7d28:   24 30 e8 01 d8 2f 00 48 8b 28 48 c1 ed 03 83 e5
0x00007ffcc1ae7d38:   0f 41 3b ae 80 01 00 00 73 0a 66 89 9c 24 a8 00
0x00007ffcc1ae7d48:   00 00 eb 12 66 c7 84 24 a8 00 00 00 00 01 0f b7
0x00007ffcc1ae7d58:   9c 24 a8 00 00 00 4d 8b 46 08 49 8b d5 66 c1 eb
0x00007ffcc1ae7d68:   08 41 8b 88 18 02 00 00 49 8b 80 10 02 00 00 48
0x00007ffcc1ae7d78:   d3 e0 8b 0d d0 d5 93 00 48 2b d0 49 8b 80 f8 01
0x00007ffcc1ae7d88:   00 00 48 d3 ea 8b ca 48 8b 04 c8 48 89 44 24 38
0x00007ffcc1ae7d98:   44 8b 80 8c 00 00 00 48 0f be c3 48 6b c8 38 49
0x00007ffcc1ae7da8:   8b 46 70 44 89 84 24 b0 00 00 00 48 8b 54 01 10
0x00007ffcc1ae7db8:   84 db 75 04 4a 8d 14 c2 48 8b 0a 48 8b 71 30 48
0x00007ffcc1ae7dc8:   8b 41 38 48 2b c6 48 c1 e8 03 49 3b c4 72 74 4a
0x00007ffcc1ae7dd8:   8d 1c e5 00 00 00 00 48 89 9c 24 b8 00 00 00 48
0x00007ffcc1ae7de8:   8d 04 33 48 89 41 30 48 85 f6 74 67 4d 8b c4 48
0x00007ffcc1ae7df8:   8b d6 49 8b cd e8 de 31 cb ff 48 8b ce 48 8b c7
0x00007ffcc1ae7e08:   48 83 c9 03 f0 49 0f b1 4d 00 48 8b d8 0f 84 81
0x00007ffcc1ae7e18:   00 00 00 48 83 e3 fc 74 7b 8b 84 24 b0 00 00 00
0x00007ffcc1ae7e28:   4d 8b cc 0f b7 94 24 a8 00 00 00 4c 8b c6 49 8b
0x00007ffcc1ae7e38:   4e 70 89 44 24 20 e8 8d 36 fc ff 48 8b c3 e9 34
0x00007ffcc1ae7e48:   03 00 00 4a 8d 04 e5 00 00 00 00 48 89 84 24 b8
0x00007ffcc1ae7e58:   00 00 00 44 89 44 24 28 48 8d 94 24 a8 00 00 00
0x00007ffcc1ae7e68:   4d 8b c5 89 6c 24 20 4d 8b cc 49 8b ce e8 c6 fb
0x00007ffcc1ae7e78:   ff ff 48 8b f0 48 85 c0 0f 85 6e ff ff ff 4d 8b
0x00007ffcc1ae7e88:   cc 4c 8b c7 49 8b d5 49 8b ce e8 b9 06 00 00 e9 


Stack slot to memory mapping:

stack at sp + 0 slots: 0x0 is null
stack at sp + 1 slots: 0x0000000000000008 is an unknown value
stack at sp + 2 slots: 0x000001756361a9c0 points into unknown readable memory: 0x65746e692e6b646a | 6a 64 6b 2e 69 6e 74 65
stack at sp + 3 slots: 0x0 is null
stack at sp + 4 slots: 
[error occurred during error reporting (inspecting top of stack), id 0xc0000005, EXCEPTION_ACCESS_VIOLATION (0xc0000005) at pc=0x00007ffcc179c4f6]
stack at sp + 5 slots: 0x00007ffcc1aa9f56 jvm.dll
stack at sp + 6 slots: 0x0000000776cfd4d0 is pointing into the stack for thread: 0x0000017562a0f520
stack at sp + 7 slots: 0x0 is null


---------------  P R O C E S S  ---------------

Threads class SMR info:
_java_thread_list=0x0000017565964370, length=31, elements={
0x000001755da2ed30, 0x000001755da37a00, 0x000001755da3d2d0, 0x000001755da400c0,
0x000001755da3cc40, 0x000001755da3d960, 0x000001755da50620, 0x000001755da3dff0,
0x000001755dbe9d40, 0x000001755dbf30e0, 0x000001755dbf5770, 0x000001755da3e680,
0x000001755da3ed10, 0x000001755da3f3a0, 0x000001755da3fa30, 0x0000017562a0e800,
0x0000017562a0dae0, 0x0000017562a0ee90, 0x0000017562a129a0, 0x000001756583c480,
0x000001756583a3b0, 0x0000017565839690, 0x000001756583b0d0, 0x0000017562a11c80,
0x0000017562a0fbb0, 0x0000017562a0f520, 0x0000017562a0cdc0, 0x0000017562a108d0,
0x0000017562a0d450, 0x0000017562a115f0, 0x0000017562a10f60
}

Java Threads: ( => current thread )
  0x000001755da2ed30 JavaThread "Reference Handler"          daemon [_thread_blocked, id=47428, stack(0x0000000776100000,0x0000000776200000) (1024K)]
  0x000001755da37a00 JavaThread "Finalizer"                  daemon [_thread_blocked, id=48936, stack(0x0000000776200000,0x0000000776300000) (1024K)]
  0x000001755da3d2d0 JavaThread "Signal Dispatcher"          daemon [_thread_blocked, id=11904, stack(0x0000000776300000,0x0000000776400000) (1024K)]
  0x000001755da400c0 JavaThread "Attach Listener"            daemon [_thread_blocked, id=11852, stack(0x0000000776400000,0x0000000776500000) (1024K)]
  0x000001755da3cc40 JavaThread "Service Thread"             daemon [_thread_blocked, id=33864, stack(0x0000000776500000,0x0000000776600000) (1024K)]
  0x000001755da3d960 JavaThread "Monitor Deflation Thread"   daemon [_thread_blocked, id=26500, stack(0x0000000776600000,0x0000000776700000) (1024K)]
  0x000001755da50620 JavaThread "C1 CompilerThread0"         daemon [_thread_blocked, id=23076, stack(0x0000000776700000,0x0000000776800000) (1024K)]
  0x000001755da3dff0 JavaThread "Common-Cleaner"             daemon [_thread_blocked, id=35656, stack(0x0000000776800000,0x0000000776900000) (1024K)]
  0x000001755dbe9d40 JavaThread "JDWP Transport Listener: dt_socket" daemon [_thread_blocked, id=40100, stack(0x0000000776d00000,0x0000000776e00000) (1024K)]
  0x000001755dbf30e0 JavaThread "JDWP Event Helper Thread"   daemon [_thread_blocked, id=46120, stack(0x0000000776e00000,0x0000000776f00000) (1024K)]
  0x000001755dbf5770 JavaThread "JDWP Command Reader"        daemon [_thread_in_native, id=50128, stack(0x0000000776f00000,0x0000000777000000) (1024K)]
  0x000001755da3e680 JavaThread "Notification Thread"        daemon [_thread_blocked, id=4712, stack(0x0000000777000000,0x0000000777100000) (1024K)]
  0x000001755da3ed10 JavaThread "RMI TCP Accept-0"           daemon [_thread_in_native, id=34968, stack(0x0000000777900000,0x0000000777a00000) (1024K)]
  0x000001755da3f3a0 JavaThread "RMI TCP Accept-52360"       daemon [_thread_in_native, id=48744, stack(0x0000000777a00000,0x0000000777b00000) (1024K)]
  0x000001755da3fa30 JavaThread "RMI TCP Accept-0"           daemon [_thread_in_native, id=20424, stack(0x0000000777b00000,0x0000000777c00000) (1024K)]
  0x0000017562a0e800 JavaThread "RMI Scheduler(0)"           daemon [_thread_blocked, id=40584, stack(0x0000000777d00000,0x0000000777e00000) (1024K)]
  0x0000017562a0dae0 JavaThread "RMI TCP Connection(11)-127.0.0.1" daemon [_thread_in_native, id=18852, stack(0x0000000777e00000,0x0000000777f00000) (1024K)]
  0x0000017562a0ee90 JavaThread "JMX server connection timeout 47" daemon [_thread_blocked, id=12708, stack(0x0000000777f00000,0x0000000778000000) (1024K)]
  0x0000017562a129a0 JavaThread "Live Reload Server"         daemon [_thread_in_native, id=44272, stack(0x0000000779400000,0x0000000779500000) (1024K)]
  0x000001756583c480 JavaThread "DestroyJavaVM"                     [_thread_blocked, id=49740, stack(0x0000000775900000,0x0000000775a00000) (1024K)]
  0x000001756583a3b0 JavaThread "File Watcher"               daemon [_thread_blocked, id=1700, stack(0x0000000775700000,0x0000000775800000) (1024K)]
  0x0000017565839690 JavaThread "File Watcher"               daemon [_thread_blocked, id=41688, stack(0x0000000776900000,0x0000000776a00000) (1024K)]
  0x000001756583b0d0 JavaThread "File Watcher"               daemon [_thread_blocked, id=12060, stack(0x0000000775600000,0x0000000775700000) (1024K)]
  0x0000017562a11c80 JavaThread "Thread-7"                          [_thread_blocked, id=31236, stack(0x0000000776a00000,0x0000000776b00000) (1024K)]
  0x0000017562a0fbb0 JavaThread "File Watcher"               daemon [_thread_blocked, id=45252, stack(0x0000000776b00000,0x0000000776c00000) (1024K)]
  0x0000017562a0f520 JavaThread "restartedMain"                     [_thread_blocked, id=7004, stack(0x0000000776c00000,0x0000000776d00000) (1024K)]
  0x0000017562a0cdc0 JavaThread "Catalina-utility-1"                [_thread_blocked, id=18988, stack(0x0000000777c00000,0x0000000777d00000) (1024K)]
  0x0000017562a108d0 JavaThread "Catalina-utility-2"                [_thread_blocked, id=33216, stack(0x0000000778400000,0x0000000778500000) (1024K)]
  0x0000017562a0d450 JavaThread "container-4"                       [_thread_blocked, id=28728, stack(0x0000000778500000,0x0000000778600000) (1024K)]
  0x0000017562a115f0 JavaThread "PostgreSQL-JDBC-Cleaner"    daemon [_thread_blocked, id=24012, stack(0x0000000778800000,0x0000000778900000) (1024K)]
  0x0000017562a10f60 JavaThread "HikariPool-1 housekeeper"   daemon [_thread_blocked, id=43488, stack(0x0000000778900000,0x0000000778a00000) (1024K)]
Total: 31

Other Threads:
  0x000001755cdae330 VMThread "VM Thread"                           [id=24240, stack(0x0000000776000000,0x0000000776100000) (1024K)]
  0x000001755cd9baf0 WatcherThread "VM Periodic Task Thread"        [id=29548, stack(0x0000000775f00000,0x0000000776000000) (1024K)]
  0x0000017549cd4580 WorkerThread "GC Thread#0"                     [id=32060, stack(0x0000000775a00000,0x0000000775b00000) (1024K)]
  0x00000175627eedd0 WorkerThread "GC Thread#1"                     [id=45548, stack(0x0000000777100000,0x0000000777200000) (1024K)]
  0x00000175627ef170 WorkerThread "GC Thread#2"                     [id=18308, stack(0x0000000777200000,0x0000000777300000) (1024K)]
=>0x00000175627f7520 WorkerThread "GC Thread#3"                     [id=23540, stack(0x0000000777300000,0x0000000777400000) (1024K)]
  0x00000175627f78c0 WorkerThread "GC Thread#4"                     [id=2640, stack(0x0000000777400000,0x0000000777500000) (1024K)]
  0x00000175627f7c60 WorkerThread "GC Thread#5"                     [id=34236, stack(0x0000000777500000,0x0000000777600000) (1024K)]
  0x0000017562811890 WorkerThread "GC Thread#6"                     [id=10724, stack(0x0000000777600000,0x0000000777700000) (1024K)]
  0x0000017562812040 WorkerThread "GC Thread#7"                     [id=43200, stack(0x0000000777700000,0x0000000777800000) (1024K)]
  0x0000017562817210 WorkerThread "GC Thread#8"                     [id=46000, stack(0x0000000777800000,0x0000000777900000) (1024K)]
  0x0000017562c8f340 WorkerThread "GC Thread#9"                     [id=48388, stack(0x0000000778000000,0x0000000778100000) (1024K)]
  0x0000017562c8e120 WorkerThread "GC Thread#10"                    [id=18320, stack(0x0000000778100000,0x0000000778200000) (1024K)]
  0x0000017562c8f6e0 WorkerThread "GC Thread#11"                    [id=14968, stack(0x0000000778200000,0x0000000778300000) (1024K)]
  0x0000017562c8e860 WorkerThread "GC Thread#12"                    [id=19336, stack(0x0000000778300000,0x0000000778400000) (1024K)]
  0x0000017549ce2790 ConcurrentGCThread "G1 Main Marker"            [id=9228, stack(0x0000000775b00000,0x0000000775c00000) (1024K)]
  0x0000017547a1e1a0 WorkerThread "G1 Conc#0"                       [id=30348, stack(0x0000000775c00000,0x0000000775d00000) (1024K)]
  0x0000017562c8e4c0 WorkerThread "G1 Conc#1"                       [id=38920, stack(0x0000000778600000,0x0000000778700000) (1024K)]
  0x0000017562c8ec00 WorkerThread "G1 Conc#2"                       [id=35668, stack(0x0000000778700000,0x0000000778800000) (1024K)]
  0x000001755cc65c00 ConcurrentGCThread "G1 Refine#0"               [id=24384, stack(0x0000000775d00000,0x0000000775e00000) (1024K)]
  0x000001755cc682a0 ConcurrentGCThread "G1 Service"                [id=36052, stack(0x0000000775e00000,0x0000000775f00000) (1024K)]
Total: 21

Threads with active compile tasks:
Total: 0

VM state: at safepoint (normal execution)

VM Mutex/Monitor currently owned by a thread:  ([mutex/lock_event])
[0x00007ffcc243d380] Threads_lock - owner thread: 0x000001755cdae330
[0x00007ffcc243d480] Heap_lock - owner thread: 0x000001756583b0d0

Heap address: 0x00000004d7000000, size: 4056 MB, Compressed Oops mode: Zero based, Oop shift amount: 3

CDS archive(s) mapped at: [0x0000017500000000-0x0000017500c80000-0x0000017500c80000), size 13107200, SharedBaseAddress: 0x0000017500000000, ArchiveRelocationMode: 1.
Compressed class space mapped at: 0x0000017501000000-0x0000017541000000, reserved size: 1073741824
Narrow klass base: 0x0000017500000000, Narrow klass shift: 0, Narrow klass range: 0x100000000

GC Precious Log:
 CardTable entry size: 512
 Card Set container configuration: InlinePtr #cards 4 size 8 Array Of Cards #cards 16 size 48 Howl #buckets 8 coarsen threshold 3686 Howl Bitmap #cards 512 size 80 coarsen threshold 460 Card regions per heap region 1 cards per card region 4096
 CPUs: 16 total, 16 available
 Memory: 16220M
 Large Page Support: Disabled
 NUMA Support: Disabled
 Compressed Oops: Enabled (Zero based)
 Heap Region Size: 2M
 Heap Min Capacity: 8M
 Heap Initial Capacity: 254M
 Heap Max Capacity: 4056M
 Pre-touch: Disabled
 Parallel Workers: 13
 Concurrent Workers: 3
 Concurrent Refinement Workers: 13
 Periodic GC: Disabled

Heap:
 garbage-first heap   total 108544K, used 87101K [0x00000004d7000000, 0x00000005d4800000)
  region size 2048K, 25 young (51200K), 2 survivors (4096K)
 Metaspace       used 81430K, committed 82176K, reserved 1179648K
  class space    used 11559K, committed 11904K, reserved 1048576K

Heap Regions: E=young(eden), S=young(survivor), O=old, HS=humongous(starts), HC=humongous(continues), CS=collection set, F=free, TAMS=top-at-mark-start, PB=parsable bottom
|   0|0x00000004d7000000, 0x00000004d7200000, 0x00000004d7200000|100%| O|  |TAMS 0x00000004d7200000| PB 0x00000004d7000000| Untracked 
|   1|0x00000004d7200000, 0x00000004d7400000, 0x00000004d7400000|100%| O|  |TAMS 0x00000004d7400000| PB 0x00000004d7200000| Untracked 
|   2|0x00000004d7400000, 0x00000004d75fffe8, 0x00000004d7600000| 99%| O|  |TAMS 0x00000004d75fffe8| PB 0x00000004d7400000| Untracked 
|   3|0x00000004d7600000, 0x00000004d77ffff0, 0x00000004d7800000| 99%| O|  |TAMS 0x00000004d77ffff0| PB 0x00000004d7600000| Untracked 
|   4|0x00000004d7800000, 0x00000004d79ffff0, 0x00000004d7a00000| 99%| O|  |TAMS 0x00000004d79ffff0| PB 0x00000004d7800000| Untracked 
|   5|0x00000004d7a00000, 0x00000004d7bffff0, 0x00000004d7c00000| 99%| O|  |TAMS 0x00000004d7bffff0| PB 0x00000004d7a00000| Untracked 
|   6|0x00000004d7c00000, 0x00000004d7e00000, 0x00000004d7e00000|100%| O|  |TAMS 0x00000004d7e00000| PB 0x00000004d7c00000| Untracked 
|   7|0x00000004d7e00000, 0x00000004d8000000, 0x00000004d8000000|100%| O|  |TAMS 0x00000004d8000000| PB 0x00000004d7e00000| Untracked 
|   8|0x00000004d8000000, 0x00000004d81ffff8, 0x00000004d8200000| 99%| O|  |TAMS 0x00000004d81ffff8| PB 0x00000004d8000000| Untracked 
|   9|0x00000004d8200000, 0x00000004d83fd568, 0x00000004d8400000| 99%| O|  |TAMS 0x00000004d83fd568| PB 0x00000004d8200000| Untracked 
|  10|0x00000004d8400000, 0x00000004d85fffe0, 0x00000004d8600000| 99%| O|  |TAMS 0x00000004d85fffe0| PB 0x00000004d8400000| Untracked 
|  11|0x00000004d8600000, 0x00000004d87fffe8, 0x00000004d8800000| 99%| O|  |TAMS 0x00000004d87fffe8| PB 0x00000004d8600000| Untracked 
|  12|0x00000004d8800000, 0x00000004d88fc5d8, 0x00000004d8a00000| 49%| O|  |TAMS 0x00000004d88fc5d8| PB 0x00000004d8800000| Untracked 
|  13|0x00000004d8a00000, 0x00000004d8c00000, 0x00000004d8c00000|100%| O|  |TAMS 0x00000004d8a00000| PB 0x00000004d8a00000| Untracked 
|  14|0x00000004d8c00000, 0x00000004d8d36ce8, 0x00000004d8e00000| 60%| O|  |TAMS 0x00000004d8d36ce8| PB 0x00000004d8c00000| Untracked 
|  15|0x00000004d8e00000, 0x00000004d8ed4010, 0x00000004d9000000| 41%| O|  |TAMS 0x00000004d8ed4010| PB 0x00000004d8e00000| Untracked 
|  16|0x00000004d9000000, 0x00000004d9200000, 0x00000004d9200000|100%| O|  |TAMS 0x00000004d9200000| PB 0x00000004d9000000| Untracked 
|  17|0x00000004d9200000, 0x00000004d9400000, 0x00000004d9400000|100%| O|  |TAMS 0x00000004d9400000| PB 0x00000004d9200000| Untracked 
|  18|0x00000004d9400000, 0x00000004d9600000, 0x00000004d9600000|100%| O|  |TAMS 0x00000004d9583d30| PB 0x00000004d9400000| Untracked 
|  19|0x00000004d9600000, 0x00000004d9695b38, 0x00000004d9800000| 29%| O|  |TAMS 0x00000004d9600000| PB 0x00000004d9600000| Untracked 
|  20|0x00000004d9800000, 0x00000004d9800000, 0x00000004d9a00000|  0%| F|  |TAMS 0x00000004d9800000| PB 0x00000004d9800000| Untracked 
|  21|0x00000004d9a00000, 0x00000004d9a00000, 0x00000004d9c00000|  0%| F|  |TAMS 0x00000004d9a00000| PB 0x00000004d9a00000| Untracked 
|  22|0x00000004d9c00000, 0x00000004d9c87280, 0x00000004d9e00000| 26%| E|CS|TAMS 0x00000004d9c00000| PB 0x00000004d9c00000| Complete 
|  23|0x00000004d9e00000, 0x00000004d9e00000, 0x00000004da000000|  0%| F|  |TAMS 0x00000004d9e00000| PB 0x00000004d9e00000| Untracked 
|  24|0x00000004da000000, 0x00000004da000000, 0x00000004da200000|  0%| F|  |TAMS 0x00000004da000000| PB 0x00000004da000000| Untracked 
|  25|0x00000004da200000, 0x00000004da400000, 0x00000004da400000|100%| S|  |TAMS 0x00000004da200000| PB 0x00000004da200000| Complete 
|  26|0x00000004da400000, 0x00000004da600000, 0x00000004da600000|100%| E|CS|TAMS 0x00000004da400000| PB 0x00000004da400000| Complete 
|  27|0x00000004da600000, 0x00000004da800000, 0x00000004da800000|100%| E|CS|TAMS 0x00000004da600000| PB 0x00000004da600000| Complete 
|  28|0x00000004da800000, 0x00000004daa00000, 0x00000004daa00000|100%| E|CS|TAMS 0x00000004da800000| PB 0x00000004da800000| Complete 
|  29|0x00000004daa00000, 0x00000004dac00000, 0x00000004dac00000|100%| S|  |TAMS 0x00000004daa00000| PB 0x00000004daa00000| Complete 
|  30|0x00000004dac00000, 0x00000004dae00000, 0x00000004dae00000|100%| E|CS|TAMS 0x00000004dac00000| PB 0x00000004dac00000| Complete 
|  31|0x00000004dae00000, 0x00000004db000000, 0x00000004db000000|100%| E|CS|TAMS 0x00000004dae00000| PB 0x00000004dae00000| Complete 
|  32|0x00000004db000000, 0x00000004db200000, 0x00000004db200000|100%| E|CS|TAMS 0x00000004db000000| PB 0x00000004db000000| Complete 
|  33|0x00000004db200000, 0x00000004db400000, 0x00000004db400000|100%| E|CS|TAMS 0x00000004db200000| PB 0x00000004db200000| Complete 
|  34|0x00000004db400000, 0x00000004db600000, 0x00000004db600000|100%| E|CS|TAMS 0x00000004db400000| PB 0x00000004db400000| Complete 
|  35|0x00000004db600000, 0x00000004db800000, 0x00000004db800000|100%| E|CS|TAMS 0x00000004db600000| PB 0x00000004db600000| Complete 
|  36|0x00000004db800000, 0x00000004dba00000, 0x00000004dba00000|100%| E|CS|TAMS 0x00000004db800000| PB 0x00000004db800000| Complete 
|  37|0x00000004dba00000, 0x00000004dbc00000, 0x00000004dbc00000|100%| E|CS|TAMS 0x00000004dba00000| PB 0x00000004dba00000| Complete 
|  38|0x00000004dbc00000, 0x00000004dbe00000, 0x00000004dbe00000|100%| E|CS|TAMS 0x00000004dbc00000| PB 0x00000004dbc00000| Complete 
|  39|0x00000004dbe00000, 0x00000004dc000000, 0x00000004dc000000|100%| E|CS|TAMS 0x00000004dbe00000| PB 0x00000004dbe00000| Complete 
|  40|0x00000004dc000000, 0x00000004dc200000, 0x00000004dc200000|100%| E|CS|TAMS 0x00000004dc000000| PB 0x00000004dc000000| Complete 
|  41|0x00000004dc200000, 0x00000004dc400000, 0x00000004dc400000|100%| E|CS|TAMS 0x00000004dc200000| PB 0x00000004dc200000| Complete 
|  42|0x00000004dc400000, 0x00000004dc600000, 0x00000004dc600000|100%| E|CS|TAMS 0x00000004dc400000| PB 0x00000004dc400000| Complete 
|  43|0x00000004dc600000, 0x00000004dc800000, 0x00000004dc800000|100%| E|CS|TAMS 0x00000004dc600000| PB 0x00000004dc600000| Complete 
|  44|0x00000004dc800000, 0x00000004dca00000, 0x00000004dca00000|100%| E|CS|TAMS 0x00000004dc800000| PB 0x00000004dc800000| Complete 
|  45|0x00000004dca00000, 0x00000004dcc00000, 0x00000004dcc00000|100%| E|CS|TAMS 0x00000004dca00000| PB 0x00000004dca00000| Complete 
|  46|0x00000004dcc00000, 0x00000004dce00000, 0x00000004dce00000|100%| E|CS|TAMS 0x00000004dcc00000| PB 0x00000004dcc00000| Complete 
|  47|0x00000004dce00000, 0x00000004dd000000, 0x00000004dd000000|100%| E|CS|TAMS 0x00000004dce00000| PB 0x00000004dce00000| Complete 
|  58|0x00000004de400000, 0x00000004de600000, 0x00000004de600000|100%| E|CS|TAMS 0x00000004de400000| PB 0x00000004de400000| Complete 
|  59|0x00000004de600000, 0x00000004de800000, 0x00000004de800000|100%| E|CS|TAMS 0x00000004de600000| PB 0x00000004de600000| Complete 
|  60|0x00000004de800000, 0x00000004dea00000, 0x00000004dea00000|100%| E|CS|TAMS 0x00000004de800000| PB 0x00000004de800000| Complete 
|  61|0x00000004dea00000, 0x00000004dec00000, 0x00000004dec00000|100%| E|CS|TAMS 0x00000004dea00000| PB 0x00000004dea00000| Complete 
| 126|0x00000004e6c00000, 0x00000004e6e00000, 0x00000004e6e00000|100%| E|CS|TAMS 0x00000004e6c00000| PB 0x00000004e6c00000| Complete 

Card table byte_map: [0x0000017556170000,0x0000017556960000] _byte_map_base: 0x0000017553ab8000

Marking Bits: (CMBitMap*) 0x0000017549cd4b90
 Bits: [0x0000017556960000, 0x000001755a8c0000)

Polling page: 0x0000017549330000

Metaspace:

Usage:
  Non-class:     68.23 MB used.
      Class:     11.29 MB used.
       Both:     79.52 MB used.

Virtual space:
  Non-class space:      128.00 MB reserved,      68.62 MB ( 54%) committed,  2 nodes.
      Class space:        1.00 GB reserved,      11.62 MB (  1%) committed,  1 nodes.
             Both:        1.12 GB reserved,      80.25 MB (  7%) committed. 

Chunk freelists:
   Non-Class:  11.38 MB
       Class:  4.19 MB
        Both:  15.57 MB

MaxMetaspaceSize: unlimited
CompressedClassSpaceSize: 1.00 GB
Initial GC threshold: 21.00 MB
Current GC threshold: 133.06 MB
CDS: on
 - commit_granule_bytes: 65536.
 - commit_granule_words: 8192.
 - virtual_space_node_default_size: 8388608.
 - enlarge_chunks_in_place: 1.
 - use_allocation_guard: 0.


Internal statistics:

num_allocs_failed_limit: 9.
num_arena_births: 1668.
num_arena_deaths: 718.
num_vsnodes_births: 3.
num_vsnodes_deaths: 0.
num_space_committed: 1284.
num_space_uncommitted: 0.
num_chunks_returned_to_freelist: 859.
num_chunks_taken_from_freelist: 4910.
num_chunk_merges: 205.
num_chunk_splits: 3194.
num_chunks_enlarged: 2438.
num_inconsistent_stats: 0.

CodeCache: size=49152Kb used=16700Kb max_used=19516Kb free=32452Kb
 bounds [0x0000017552310000, 0x0000017553620000, 0x0000017555310000]
 total_blobs=9414 nmethods=8677 adapters=658
 compilation: enabled
              stopped_count=0, restarted_count=0
 full_count=0

Compilation events (20 events):
Event: 381.717 Thread 0x000001755da50620 nmethod 10645 0x000001755361a810 code [0x000001755361a9a0, 0x000001755361aa70]
Event: 381.717 Thread 0x0000017565337810 nmethod 10646 0x000001755361ab10 code [0x000001755361acc0, 0x000001755361adb0]
Event: 381.751 Thread 0x000001756596a930 10647       1       org.postgresql.core.SqlCommand::<init> (83 bytes)
Event: 381.751 Thread 0x000001756596a930 nmethod 10647 0x000001755361ae90 code [0x000001755361b020, 0x000001755361b1c0]
Event: 381.752 Thread 0x000001756a046b40 10648       1       java.lang.Math::round (70 bytes)
Event: 381.753 Thread 0x000001756596a930 10649       1       org.postgresql.jdbc.PgConnection::addDataType (87 bytes)
Event: 381.753 Thread 0x000001755dd9f780 10650   !   1       org.postgresql.jdbc.TypeInfoCache::addDataType (72 bytes)
Event: 381.753 Thread 0x000001756a046b40 nmethod 10648 0x000001755361b290 code [0x000001755361b440, 0x000001755361b5c8]
Event: 381.754 Thread 0x000001755dd9f780 nmethod 10650 0x000001755361b690 code [0x000001755361b8e0, 0x000001755361be20]
Event: 381.754 Thread 0x000001756596a930 nmethod 10649 0x000001755361c290 code [0x000001755361c520, 0x000001755361cf80]
Event: 382.042 Thread 0x000001755dd9f780 10651       1       org.postgresql.jdbc.ResourceLock::<init> (5 bytes)
Event: 382.042 Thread 0x000001755dd9f780 nmethod 10651 0x000001755361d690 code [0x000001755361d820, 0x000001755361d9a8]
Event: 382.085 Thread 0x0000017565578540 10652       1       java.nio.charset.CharsetEncoder::<init> (16 bytes)
Event: 382.085 Thread 0x000001755dd9f780 10654       1       java.nio.charset.CharsetEncoder::replaceWith (89 bytes)
Event: 382.085 Thread 0x0000017565337810 10653       1       java.nio.charset.CharsetEncoder::<init> (105 bytes)
Event: 382.086 Thread 0x0000017565578540 nmethod 10652 0x000001755361da90 code [0x000001755361dc40, 0x000001755361ddf0]
Event: 382.086 Thread 0x000001755dd9f780 nmethod 10654 0x000001755361de90 code [0x000001755361e0c0, 0x000001755361e5b0]
Event: 382.086 Thread 0x0000017565337810 nmethod 10653 0x000001755361e810 code [0x000001755361ea20, 0x000001755361ef40]
Event: 390.790 Thread 0x000001755da50620 10655       1       org.apache.catalina.loader.WebappLoader::getClassLoader (5 bytes)
Event: 390.790 Thread 0x000001755da50620 nmethod 10655 0x000001755334ca90 code [0x000001755334cc20, 0x000001755334ccf0]

GC Heap History (20 events):
Event: 222.913 GC heap after
{Heap after GC invocations=34 (full 1):
 garbage-first heap   total 108544K, used 41540K [0x00000004d7000000, 0x00000005d4800000)
  region size 2048K, 3 young (6144K), 3 survivors (6144K)
 Metaspace       used 80143K, committed 80960K, reserved 1179648K
  class space    used 11450K, committed 11840K, reserved 1048576K
}
Event: 224.164 GC heap before
{Heap before GC invocations=34 (full 1):
 garbage-first heap   total 108544K, used 86596K [0x00000004d7000000, 0x00000005d4800000)
  region size 2048K, 26 young (53248K), 3 survivors (6144K)
 Metaspace       used 80239K, committed 81024K, reserved 1179648K
  class space    used 11464K, committed 11840K, reserved 1048576K
}
Event: 224.170 GC heap after
{Heap after GC invocations=35 (full 1):
 garbage-first heap   total 108544K, used 43896K [0x00000004d7000000, 0x00000005d4800000)
  region size 2048K, 3 young (6144K), 3 survivors (6144K)
 Metaspace       used 80239K, committed 81024K, reserved 1179648K
  class space    used 11464K, committed 11840K, reserved 1048576K
}
Event: 246.362 GC heap before
{Heap before GC invocations=35 (full 1):
 garbage-first heap   total 108544K, used 91000K [0x00000004d7000000, 0x00000005d4800000)
  region size 2048K, 26 young (53248K), 3 survivors (6144K)
 Metaspace       used 80527K, committed 81344K, reserved 1179648K
  class space    used 11489K, committed 11840K, reserved 1048576K
}
Event: 246.368 GC heap after
{Heap after GC invocations=36 (full 1):
 garbage-first heap   total 108544K, used 45322K [0x00000004d7000000, 0x00000005d4800000)
  region size 2048K, 3 young (6144K), 3 survivors (6144K)
 Metaspace       used 80527K, committed 81344K, reserved 1179648K
  class space    used 11489K, committed 11840K, reserved 1048576K
}
Event: 247.328 GC heap before
{Heap before GC invocations=36 (full 1):
 garbage-first heap   total 108544K, used 88330K [0x00000004d7000000, 0x00000005d4800000)
  region size 2048K, 25 young (51200K), 3 survivors (6144K)
 Metaspace       used 80593K, committed 81408K, reserved 1179648K
  class space    used 11497K, committed 11904K, reserved 1048576K
}
Event: 247.333 GC heap after
{Heap after GC invocations=37 (full 1):
 garbage-first heap   total 108544K, used 47667K [0x00000004d7000000, 0x00000005d4800000)
  region size 2048K, 3 young (6144K), 3 survivors (6144K)
 Metaspace       used 80593K, committed 81408K, reserved 1179648K
  class space    used 11497K, committed 11904K, reserved 1048576K
}
Event: 248.277 GC heap before
{Heap before GC invocations=38 (full 1):
 garbage-first heap   total 108544K, used 90675K [0x00000004d7000000, 0x00000005d4800000)
  region size 2048K, 24 young (49152K), 3 survivors (6144K)
 Metaspace       used 80864K, committed 81664K, reserved 1179648K
  class space    used 11516K, committed 11904K, reserved 1048576K
}
Event: 248.284 GC heap after
{Heap after GC invocations=39 (full 1):
 garbage-first heap   total 108544K, used 50608K [0x00000004d7000000, 0x00000005d4800000)
  region size 2048K, 3 young (6144K), 3 survivors (6144K)
 Metaspace       used 80864K, committed 81664K, reserved 1179648K
  class space    used 11516K, committed 11904K, reserved 1048576K
}
Event: 323.450 GC heap before
{Heap before GC invocations=39 (full 1):
 garbage-first heap   total 108544K, used 91568K [0x00000004d7000000, 0x00000005d4800000)
  region size 2048K, 23 young (47104K), 3 survivors (6144K)
 Metaspace       used 80882K, committed 81728K, reserved 1179648K
  class space    used 11520K, committed 11904K, reserved 1048576K
}
Event: 323.455 GC heap after
{Heap after GC invocations=40 (full 1):
 garbage-first heap   total 108544K, used 51047K [0x00000004d7000000, 0x00000005d4800000)
  region size 2048K, 3 young (6144K), 3 survivors (6144K)
 Metaspace       used 80882K, committed 81728K, reserved 1179648K
  class space    used 11520K, committed 11904K, reserved 1048576K
}
Event: 353.293 GC heap before
{Heap before GC invocations=40 (full 1):
 garbage-first heap   total 108544K, used 61287K [0x00000004d7000000, 0x00000005d4800000)
  region size 2048K, 9 young (18432K), 3 survivors (6144K)
 Metaspace       used 80888K, committed 81728K, reserved 1179648K
  class space    used 11521K, committed 11904K, reserved 1048576K
}
Event: 353.381 GC heap after
{Heap after GC invocations=41 (full 2):
 garbage-first heap   total 108544K, used 28337K [0x00000004d7000000, 0x00000005d4800000)
  region size 2048K, 0 young (0K), 0 survivors (0K)
 Metaspace       used 80543K, committed 81728K, reserved 1179648K
  class space    used 11439K, committed 11904K, reserved 1048576K
}
Event: 357.783 GC heap before
{Heap before GC invocations=41 (full 2):
 garbage-first heap   total 108544K, used 91825K [0x00000004d7000000, 0x00000005d4800000)
  region size 2048K, 31 young (63488K), 0 survivors (0K)
 Metaspace       used 80786K, committed 81728K, reserved 1179648K
  class space    used 11492K, committed 11904K, reserved 1048576K
}
Event: 357.788 GC heap after
{Heap after GC invocations=42 (full 2):
 garbage-first heap   total 108544K, used 34077K [0x00000004d7000000, 0x00000005d4800000)
  region size 2048K, 3 young (6144K), 3 survivors (6144K)
 Metaspace       used 80786K, committed 81728K, reserved 1179648K
  class space    used 11492K, committed 11904K, reserved 1048576K
}
Event: 380.053 GC heap before
{Heap before GC invocations=43 (full 2):
 garbage-first heap   total 108544K, used 89373K [0x00000004d7000000, 0x00000005d4800000)
  region size 2048K, 30 young (61440K), 3 survivors (6144K)
 Metaspace       used 81150K, committed 81920K, reserved 1179648K
  class space    used 11534K, committed 11904K, reserved 1048576K
}
Event: 380.059 GC heap after
{Heap after GC invocations=44 (full 2):
 garbage-first heap   total 108544K, used 37260K [0x00000004d7000000, 0x00000005d4800000)
  region size 2048K, 3 young (6144K), 3 survivors (6144K)
 Metaspace       used 81150K, committed 81920K, reserved 1179648K
  class space    used 11534K, committed 11904K, reserved 1048576K
}
Event: 381.293 GC heap before
{Heap before GC invocations=44 (full 2):
 garbage-first heap   total 108544K, used 84364K [0x00000004d7000000, 0x00000005d4800000)
  region size 2048K, 27 young (55296K), 3 survivors (6144K)
 Metaspace       used 81237K, committed 82048K, reserved 1179648K
  class space    used 11546K, committed 11904K, reserved 1048576K
}
Event: 381.299 GC heap after
{Heap after GC invocations=45 (full 2):
 garbage-first heap   total 108544K, used 39997K [0x00000004d7000000, 0x00000005d4800000)
  region size 2048K, 4 young (8192K), 4 survivors (8192K)
 Metaspace       used 81237K, committed 82048K, reserved 1179648K
  class space    used 11546K, committed 11904K, reserved 1048576K
}
Event: 488.759 GC heap before
{Heap before GC invocations=45 (full 2):
 garbage-first heap   total 108544K, used 87101K [0x00000004d7000000, 0x00000005d4800000)
  region size 2048K, 27 young (55296K), 4 survivors (8192K)
 Metaspace       used 81430K, committed 82176K, reserved 1179648K
  class space    used 11559K, committed 11904K, reserved 1048576K
}

Dll operation events (12 events):
Event: 0.056 Loaded shared library C:\pleiades\2024-12\java\21\bin\java.dll
Event: 0.706 Loaded shared library C:\pleiades\2024-12\java\21\bin\zip.dll
Event: 0.718 Loaded shared library C:\pleiades\2024-12\java\21\bin\instrument.dll
Event: 0.732 Loaded shared library C:\pleiades\2024-12\java\21\bin\net.dll
Event: 0.736 Loaded shared library C:\pleiades\2024-12\java\21\bin\nio.dll
Event: 0.748 Loaded shared library C:\pleiades\2024-12\java\21\bin\zip.dll
Event: 1.121 Loaded shared library C:\pleiades\2024-12\java\21\bin\jimage.dll
Event: 1.227 Loaded shared library C:\pleiades\2024-12\java\21\bin\management.dll
Event: 1.252 Loaded shared library C:\pleiades\2024-12\java\21\bin\management_ext.dll
Event: 1.668 Loaded shared library C:\pleiades\2024-12\java\21\bin\verify.dll
Event: 1.866 Loaded shared library C:\pleiades\2024-12\java\21\bin\extnet.dll
Event: 4.388 Loaded shared library C:\pleiades\2024-12\java\21\bin\sunmscapi.dll

Deoptimization events (20 events):
Event: 381.522 Thread 0x0000017562a0f520 DEOPT PACKING pc=0x0000017552de25ec sp=0x0000000776cf9a40
Event: 381.522 Thread 0x0000017562a0f520 DEOPT UNPACKING pc=0x0000017552364e42 sp=0x0000000776cf8f78 mode 1
Event: 381.522 Thread 0x0000017562a0f520 DEOPT PACKING pc=0x0000017552de35f4 sp=0x0000000776cf9b30
Event: 381.522 Thread 0x0000017562a0f520 DEOPT UNPACKING pc=0x0000017552364e42 sp=0x0000000776cf90e0 mode 1
Event: 381.522 Thread 0x0000017562a0f520 DEOPT PACKING pc=0x0000017552de102c sp=0x0000000776cf9ca0
Event: 381.522 Thread 0x0000017562a0f520 DEOPT UNPACKING pc=0x0000017552364e42 sp=0x0000000776cf9260 mode 1
Event: 381.522 Thread 0x0000017562a0f520 DEOPT PACKING pc=0x0000017552de25ec sp=0x0000000776cf9a40
Event: 381.522 Thread 0x0000017562a0f520 DEOPT UNPACKING pc=0x0000017552364e42 sp=0x0000000776cf8f78 mode 1
Event: 381.522 Thread 0x0000017562a0f520 DEOPT PACKING pc=0x0000017552de35f4 sp=0x0000000776cf9b30
Event: 381.522 Thread 0x0000017562a0f520 DEOPT UNPACKING pc=0x0000017552364e42 sp=0x0000000776cf90e0 mode 1
Event: 381.522 Thread 0x0000017562a0f520 DEOPT PACKING pc=0x0000017552de102c sp=0x0000000776cf9ca0
Event: 381.522 Thread 0x0000017562a0f520 DEOPT UNPACKING pc=0x0000017552364e42 sp=0x0000000776cf9260 mode 1
Event: 381.523 Thread 0x0000017562a0f520 DEOPT PACKING pc=0x0000017552de25ec sp=0x0000000776cf9a40
Event: 381.523 Thread 0x0000017562a0f520 DEOPT UNPACKING pc=0x0000017552364e42 sp=0x0000000776cf8f78 mode 1
Event: 381.523 Thread 0x0000017562a0f520 DEOPT PACKING pc=0x0000017552de35f4 sp=0x0000000776cf9b30
Event: 381.523 Thread 0x0000017562a0f520 DEOPT UNPACKING pc=0x0000017552364e42 sp=0x0000000776cf90e0 mode 1
Event: 381.523 Thread 0x0000017562a0f520 DEOPT PACKING pc=0x0000017552de102c sp=0x0000000776cf9ca0
Event: 381.523 Thread 0x0000017562a0f520 DEOPT UNPACKING pc=0x0000017552364e42 sp=0x0000000776cf9260 mode 1
Event: 433.214 Thread 0x0000017562a0f520 DEOPT PACKING pc=0x00000175527ddbb4 sp=0x0000000776cfd4d0
Event: 433.214 Thread 0x0000017562a0f520 DEOPT UNPACKING pc=0x0000017552364e42 sp=0x0000000776cfc988 mode 0

Classes loaded (20 events):
Event: 188.653 Loading class java/util/Locale$FilteringMode
Event: 188.653 Loading class java/util/Locale$FilteringMode done
Event: 188.654 Loading class java/util/Locale$IsoCountryCode
Event: 188.654 Loading class java/util/Locale$IsoCountryCode done
Event: 188.655 Loading class java/io/ObjectOutputStream$PutFieldImpl
Event: 188.656 Loading class java/io/ObjectOutputStream$PutField
Event: 188.656 Loading class java/io/ObjectOutputStream$PutField done
Event: 188.656 Loading class java/io/ObjectOutputStream$PutFieldImpl done
Event: 188.657 Loading class java/io/FileOutputStream$1
Event: 188.657 Loading class java/io/FileOutputStream$1 done
Event: 188.768 Loading class java/lang/ref/Finalizer$2
Event: 188.769 Loading class java/lang/ref/Finalizer$2 done
Event: 188.769 Loading class java/lang/ref/Finalizer$1
Event: 188.769 Loading class java/lang/ref/Finalizer$1 done
Event: 190.734 Loading class java/lang/invoke/MethodHandleImpl$CountingWrapper$1
Event: 190.734 Loading class java/lang/invoke/MethodHandleImpl$CountingWrapper$1 done
Event: 195.549 Loading class java/time/DurationEditor
Event: 195.549 Loading class java/time/DurationEditor done
Event: 358.340 Loading class java/time/DurationEditor
Event: 358.340 Loading class java/time/DurationEditor done

Classes unloaded (20 events):
Event: 353.324 Thread 0x000001755cdae330 Unloading class 0x00000175011c8400 'java/lang/invoke/LambdaForm$MH+0x00000175011c8400'
Event: 353.324 Thread 0x000001755cdae330 Unloading class 0x00000175011a8000 'java/lang/invoke/LambdaForm$MH+0x00000175011a8000'
Event: 353.324 Thread 0x000001755cdae330 Unloading class 0x00000175011a0c00 'java/lang/invoke/LambdaForm$MH+0x00000175011a0c00'
Event: 353.324 Thread 0x000001755cdae330 Unloading class 0x00000175011a0800 'java/lang/invoke/LambdaForm$MH+0x00000175011a0800'
Event: 353.324 Thread 0x000001755cdae330 Unloading class 0x0000017501199400 'java/lang/invoke/LambdaForm$MH+0x0000017501199400'
Event: 353.324 Thread 0x000001755cdae330 Unloading class 0x0000017501105400 'jdk/internal/reflect/GeneratedSerializationConstructorAccessor17'
Event: 353.324 Thread 0x000001755cdae330 Unloading class 0x0000017501105000 'jdk/internal/reflect/GeneratedSerializationConstructorAccessor16'
Event: 353.324 Thread 0x000001755cdae330 Unloading class 0x0000017501104000 'jdk/internal/reflect/GeneratedSerializationConstructorAccessor12'
Event: 353.324 Thread 0x000001755cdae330 Unloading class 0x0000017501103c00 'jdk/internal/reflect/GeneratedSerializationConstructorAccessor11'
Event: 353.324 Thread 0x000001755cdae330 Unloading class 0x00000175010c9c00 'java/lang/invoke/LambdaForm$MH+0x00000175010c9c00'
Event: 353.324 Thread 0x000001755cdae330 Unloading class 0x000001750100b800 'java/lang/invoke/LambdaForm$MH+0x000001750100b800'
Event: 353.324 Thread 0x000001755cdae330 Unloading class 0x000001750100a800 'java/lang/invoke/LambdaForm$MH+0x000001750100a800'
Event: 353.324 Thread 0x000001755cdae330 Unloading class 0x000001750100a400 'java/lang/invoke/LambdaForm$MH+0x000001750100a400'
Event: 353.324 Thread 0x000001755cdae330 Unloading class 0x0000017501009c00 'java/lang/invoke/LambdaForm$MH+0x0000017501009c00'
Event: 353.324 Thread 0x000001755cdae330 Unloading class 0x0000017501009000 'java/lang/invoke/LambdaForm$MH+0x0000017501009000'
Event: 353.324 Thread 0x000001755cdae330 Unloading class 0x0000017501006c00 'java/lang/invoke/LambdaForm$MH+0x0000017501006c00'
Event: 353.324 Thread 0x000001755cdae330 Unloading class 0x0000017501006400 'java/lang/invoke/LambdaForm$MH+0x0000017501006400'
Event: 353.324 Thread 0x000001755cdae330 Unloading class 0x0000017501005c00 'java/lang/invoke/LambdaForm$MH+0x0000017501005c00'
Event: 353.324 Thread 0x000001755cdae330 Unloading class 0x0000017501005400 'java/lang/invoke/LambdaForm$MH+0x0000017501005400'
Event: 353.324 Thread 0x000001755cdae330 Unloading class 0x0000017501000400 'java/lang/invoke/LambdaForm$MH+0x0000017501000400'

Classes redefined (10 events):
Event: 190.295 Thread 0x000001755cdae330 redefined class name=com.example.demo.controller.HomeController, count=1
Event: 198.846 Thread 0x000001755cdae330 redefined class name=com.example.demo.controller.UserListController, count=1
Event: 198.846 Thread 0x000001755cdae330 redefined class name=com.example.demo.controller.UserListController, count=1
Event: 221.107 Thread 0x000001755cdae330 redefined class name=com.example.demo.controller.UserListController, count=2
Event: 221.107 Thread 0x000001755cdae330 redefined class name=com.example.demo.controller.UserListController, count=1
Event: 221.107 Thread 0x000001755cdae330 redefined class name=com.example.demo.controller.UserListController, count=2
Event: 244.667 Thread 0x000001755cdae330 redefined class name=com.example.demo.controller.HomeController, count=1
Event: 244.667 Thread 0x000001755cdae330 redefined class name=com.example.demo.controller.HomeController, count=1
Event: 244.667 Thread 0x000001755cdae330 redefined class name=com.example.demo.controller.HomeController, count=1
Event: 244.667 Thread 0x000001755cdae330 redefined class name=com.example.demo.controller.HomeController, count=2

Internal exceptions (20 events):
Event: 357.166 Thread 0x0000017562a0fbb0 Exception <a 'java/lang/NoClassDefFoundError'{0x00000004db411c48}: liquibase/integration/spring/SpringLiquibase> (0x00000004db411c48) 
thrown [s\src\hotspot\share\oops\constantPool.cpp, line 873]
Event: 357.172 Thread 0x0000017562a0fbb0 Exception <a 'java/lang/NoClassDefFoundError'{0x00000004db5058f0}: org/jooq/DSLContext> (0x00000004db5058f0) 
thrown [s\src\hotspot\share\oops\constantPool.cpp, line 873]
Event: 357.181 Thread 0x0000017562a0fbb0 Exception <a 'java/lang/NoClassDefFoundError'{0x00000004db56fb88}: org/springframework/batch/core/repository/JobRepository> (0x00000004db56fb88) 
thrown [s\src\hotspot\share\oops\constantPool.cpp, line 873]
Event: 357.183 Thread 0x0000017562a0fbb0 Exception <a 'java/lang/NoClassDefFoundError'{0x00000004db5701e0}: org/quartz/Scheduler> (0x00000004db5701e0) 
thrown [s\src\hotspot\share\oops\constantPool.cpp, line 873]
Event: 357.185 Thread 0x0000017562a0fbb0 Exception <a 'java/lang/NoClassDefFoundError'{0x00000004db570860}: org/springframework/session/jdbc/JdbcIndexedSessionRepository> (0x00000004db570860) 
thrown [s\src\hotspot\share\oops\constantPool.cpp, line 873]
Event: 357.198 Thread 0x0000017562a0fbb0 Exception <a 'java/lang/NoSuchMethodError'{0x00000004db213710}: 'void java.lang.invoke.DelegatingMethodHandle$Holder.reinvoke_L(java.lang.Object, java.lang.Object, int)'> (0x00000004db213710) 
thrown [s\src\hotspot\share\interpreter\linkResolver.cpp, line 773]
Event: 357.354 Thread 0x0000017562a0fbb0 Exception <a 'java/lang/NoSuchMethodError'{0x00000004da8a9c70}: 'int java.lang.invoke.DirectMethodHandle$Holder.invokeVirtual(java.lang.Object, java.lang.Object, java.lang.Object, java.lang.Object)'> (0x00000004da8a9c70) 
thrown [s\src\hotspot\share\interpreter\linkResolver.cpp, line 773]
Event: 357.355 Thread 0x0000017562a0fbb0 Exception <a 'java/lang/NoSuchMethodError'{0x00000004da8ad268}: 'int java.lang.invoke.DelegatingMethodHandle$Holder.reinvoke_L(java.lang.Object, java.lang.Object, java.lang.Object, java.lang.Object)'> (0x00000004da8ad268) 
thrown [s\src\hotspot\share\interpreter\linkResolver.cpp, line 773]
Event: 357.365 Thread 0x0000017562a0fbb0 Exception <a 'java/io/FileNotFoundException'{0x00000004da91a9f0}> (0x00000004da91a9f0) 
thrown [s\src\hotspot\share\prims\jni.cpp, line 520]
Event: 357.476 Thread 0x0000017562a0fbb0 Exception <a 'java/lang/NoSuchMethodError'{0x00000004da2d0918}: 'void java.lang.invoke.DelegatingMethodHandle$Holder.reinvoke_L(java.lang.Object, java.lang.Object, long)'> (0x00000004da2d0918) 
thrown [s\src\hotspot\share\interpreter\linkResolver.cpp, line 773]
Event: 358.655 Thread 0x0000017562a108d0 Exception <a 'java/lang/InterruptedException'{0x00000004dbb06a80}: sleep interrupted> (0x00000004dbb06a80) 
thrown [s\src\hotspot\share\prims\jvm.cpp, line 3074]
Event: 358.675 Thread 0x0000017562a0fbb0 Exception <a 'java/lang/NoClassDefFoundError'{0x00000004dbb4c330}: liquibase/exception/ChangeLogParseException> (0x00000004dbb4c330) 
thrown [s\src\hotspot\share\classfile\systemDictionary.cpp, line 301]
Event: 379.769 Thread 0x0000017562a0f520 Exception <a 'sun/nio/fs/WindowsException'{0x00000004db338778}> (0x00000004db338778) 
thrown [s\src\hotspot\share\prims\jni.cpp, line 520]
Event: 380.487 Thread 0x0000017562a0f520 Exception <a 'java/lang/NoClassDefFoundError'{0x00000004dc7146c8}: org/flywaydb/core/Flyway> (0x00000004dc7146c8) 
thrown [s\src\hotspot\share\oops\constantPool.cpp, line 873]
Event: 380.489 Thread 0x0000017562a0f520 Exception <a 'java/lang/NoClassDefFoundError'{0x00000004dc714d28}: liquibase/integration/spring/SpringLiquibase> (0x00000004dc714d28) 
thrown [s\src\hotspot\share\oops\constantPool.cpp, line 873]
Event: 380.500 Thread 0x0000017562a0f520 Exception <a 'java/lang/NoClassDefFoundError'{0x00000004dc746328}: org/jooq/DSLContext> (0x00000004dc746328) 
thrown [s\src\hotspot\share\oops\constantPool.cpp, line 873]
Event: 380.507 Thread 0x0000017562a0f520 Exception <a 'java/lang/NoClassDefFoundError'{0x00000004dc79e540}: org/springframework/batch/core/repository/JobRepository> (0x00000004dc79e540) 
thrown [s\src\hotspot\share\oops\constantPool.cpp, line 873]
Event: 380.509 Thread 0x0000017562a0f520 Exception <a 'java/lang/NoClassDefFoundError'{0x00000004dc79eb98}: org/quartz/Scheduler> (0x00000004dc79eb98) 
thrown [s\src\hotspot\share\oops\constantPool.cpp, line 873]
Event: 380.511 Thread 0x0000017562a0f520 Exception <a 'java/lang/NoClassDefFoundError'{0x00000004dc79f218}: org/springframework/session/jdbc/JdbcIndexedSessionRepository> (0x00000004dc79f218) 
thrown [s\src\hotspot\share\oops\constantPool.cpp, line 873]
Event: 380.675 Thread 0x0000017562a0f520 Exception <a 'java/io/FileNotFoundException'{0x00000004dbdaea30}> (0x00000004dbdaea30) 
thrown [s\src\hotspot\share\prims\jni.cpp, line 520]

ZGC Phase Switch (0 events):
No events

VM Operations (20 events):
Event: 416.540 Executing VM operation: ChangeBreakpoints done
Event: 416.541 Executing VM operation: ChangeBreakpoints
Event: 416.541 Executing VM operation: ChangeBreakpoints done
Event: 416.542 Executing VM operation: ChangeBreakpoints
Event: 416.542 Executing VM operation: ChangeBreakpoints done
Event: 416.542 Executing VM operation: ChangeBreakpoints
Event: 416.542 Executing VM operation: ChangeBreakpoints done
Event: 416.543 Executing VM operation: ChangeBreakpoints
Event: 416.543 Executing VM operation: ChangeBreakpoints done
Event: 416.543 Executing VM operation: ChangeBreakpoints
Event: 416.543 Executing VM operation: ChangeBreakpoints done
Event: 420.769 Executing VM operation: HandshakeAllThreads (HandshakeForDeflation)
Event: 420.769 Executing VM operation: HandshakeAllThreads (HandshakeForDeflation) done
Event: 420.769 Executing VM operation: RendezvousGCThreads
Event: 420.769 Executing VM operation: RendezvousGCThreads done
Event: 433.214 Executing VM operation: ChangeSingleStep
Event: 433.214 Executing VM operation: ChangeSingleStep done
Event: 433.214 Executing VM operation: ChangeSingleStep
Event: 433.214 Executing VM operation: ChangeSingleStep done
Event: 488.759 Executing VM operation: G1CollectForAllocation (G1 Evacuation Pause)

Memory protections (0 events):
No events

Nmethod flushes (20 events):
Event: 353.341 Thread 0x000001755cdae330 flushing  nmethod 0x000001755308f310
Event: 353.341 Thread 0x000001755cdae330 flushing  nmethod 0x000001755317c090
Event: 353.341 Thread 0x000001755cdae330 flushing  nmethod 0x000001755318ee10
Event: 353.341 Thread 0x000001755cdae330 flushing  nmethod 0x000001755318fd10
Event: 353.341 Thread 0x000001755cdae330 flushing  nmethod 0x0000017553191c90
Event: 353.341 Thread 0x000001755cdae330 flushing  nmethod 0x0000017553192090
Event: 353.341 Thread 0x000001755cdae330 flushing  nmethod 0x0000017553192710
Event: 353.341 Thread 0x000001755cdae330 flushing  nmethod 0x0000017553192e90
Event: 353.341 Thread 0x000001755cdae330 flushing  nmethod 0x00000175531abd90
Event: 353.341 Thread 0x000001755cdae330 flushing  nmethod 0x00000175531ac190
Event: 353.341 Thread 0x000001755cdae330 flushing  nmethod 0x00000175531ac510
Event: 353.341 Thread 0x000001755cdae330 flushing  nmethod 0x00000175531ac890
Event: 353.341 Thread 0x000001755cdae330 flushing  nmethod 0x00000175531acc90
Event: 353.341 Thread 0x000001755cdae330 flushing  nmethod 0x00000175531ae990
Event: 353.341 Thread 0x000001755cdae330 flushing  nmethod 0x00000175531b2490
Event: 353.341 Thread 0x000001755cdae330 flushing  nmethod 0x00000175531b2910
Event: 353.341 Thread 0x000001755cdae330 flushing  nmethod 0x0000017553224e90
Event: 353.341 Thread 0x000001755cdae330 flushing  nmethod 0x0000017553226790
Event: 353.341 Thread 0x000001755cdae330 flushing  nmethod 0x0000017553226b10
Event: 353.341 Thread 0x000001755cdae330 flushing  nmethod 0x0000017553226f10

Events (20 events):
Event: 379.754 Thread 0x0000017562a11c80 Thread added: 0x0000017562a0f520
Event: 379.872 Thread 0x0000017562a0f520 Thread added: 0x0000017562a0cdc0
Event: 379.946 Thread 0x0000017562a0cdc0 Thread exited: 0x0000017562a0cdc0
Event: 380.778 Thread 0x0000017562a0f520 Thread added: 0x0000017562a0cdc0
Event: 380.778 Thread 0x0000017562a0f520 Thread added: 0x0000017562a108d0
Event: 380.779 Thread 0x0000017562a0f520 Thread added: 0x0000017562a0d450
Event: 381.111 Thread 0x0000017562a0f520 Thread added: 0x0000017562a115f0
Event: 381.114 Thread 0x0000017562a0f520 Thread added: 0x0000017562a10f60
Event: 381.151 Thread 0x000001755da50620 Thread added: 0x000001756a046b40
Event: 381.151 Thread 0x000001755da50620 Thread added: 0x000001756596a930
Event: 381.151 Thread 0x000001755da50620 Thread added: 0x0000017565337810
Event: 381.152 Thread 0x000001755da50620 Thread added: 0x0000017565578540
Event: 381.152 Thread 0x000001755da50620 Thread added: 0x000001755dd9f780
Event: 381.228 Thread 0x0000017562a10f60 Thread added: 0x0000017562a0e170
Event: 387.088 Thread 0x000001755dd9f780 Thread exited: 0x000001755dd9f780
Event: 387.088 Thread 0x0000017565578540 Thread exited: 0x0000017565578540
Event: 387.369 Thread 0x0000017562a0e170 Thread exited: 0x0000017562a0e170
Event: 390.790 Thread 0x000001756596a930 Thread exited: 0x000001756596a930
Event: 390.790 Thread 0x0000017565337810 Thread exited: 0x0000017565337810
Event: 395.803 Thread 0x000001756a046b40 Thread exited: 0x000001756a046b40


Dynamic libraries:
0x00007ff672e30000 - 0x00007ff672e3e000 	C:\pleiades\2024-12\java\21\bin\javaw.exe
0x00007ffd47fe0000 - 0x00007ffd48240000 	C:\WINDOWS\SYSTEM32\ntdll.dll
0x00007ffccc770000 - 0x00007ffccc78a000 	C:\Program Files\Norton\Suite\aswhook.dll
0x00007ffd46af0000 - 0x00007ffd46bb7000 	C:\WINDOWS\System32\KERNEL32.DLL
0x00007ffd455f0000 - 0x00007ffd459ba000 	C:\WINDOWS\System32\KERNELBASE.dll
0x0000000055050000 - 0x000000005537e000 	C:\Program Files\Norton Security\NortonData\22.23.5.106\Definitions\IPSDefs\20250429.064\IPSEng64.dll
0x00007ffd47650000 - 0x00007ffd47702000 	C:\WINDOWS\System32\ADVAPI32.dll
0x00007ffd46a40000 - 0x00007ffd46ae9000 	C:\WINDOWS\System32\msvcrt.dll
0x00007ffd47ab0000 - 0x00007ffd47b56000 	C:\WINDOWS\System32\sechost.dll
0x00007ffd47980000 - 0x00007ffd47a96000 	C:\WINDOWS\System32\RPCRT4.dll
0x00007ffd478c0000 - 0x00007ffd478c8000 	C:\WINDOWS\System32\PSAPI.DLL
0x00007ffd45410000 - 0x00007ffd4555b000 	C:\WINDOWS\System32\ucrtbase.dll
0x00007ffd3dee0000 - 0x00007ffd3defe000 	C:\pleiades\2024-12\java\21\bin\VCRUNTIME140.dll
0x00007ffd3eee0000 - 0x00007ffd3eef8000 	C:\pleiades\2024-12\java\21\bin\jli.dll
0x00007ffd47c60000 - 0x00007ffd47e2c000 	C:\WINDOWS\System32\USER32.dll
0x00007ffd2b7d0000 - 0x00007ffd2ba67000 	C:\WINDOWS\WinSxS\amd64_microsoft.windows.common-controls_6595b64144ccf1df_6.0.26100.3624_none_3e086962e3345f24\COMCTL32.dll
0x00007ffd453e0000 - 0x00007ffd45407000 	C:\WINDOWS\System32\win32u.dll
0x00007ffd46da0000 - 0x00007ffd46dca000 	C:\WINDOWS\System32\GDI32.dll
0x00007ffd45b30000 - 0x00007ffd45c61000 	C:\WINDOWS\System32\gdi32full.dll
0x00007ffd45a80000 - 0x00007ffd45b23000 	C:\WINDOWS\System32\msvcp_win.dll
0x00007ffd47610000 - 0x00007ffd4763f000 	C:\WINDOWS\System32\IMM32.DLL
0x00007ffd3ede0000 - 0x00007ffd3edec000 	C:\pleiades\2024-12\java\21\bin\vcruntime140_1.dll
0x00007ffd25da0000 - 0x00007ffd25e2d000 	C:\pleiades\2024-12\java\21\bin\msvcp140.dll
0x00007ffcc1790000 - 0x00007ffcc251f000 	C:\pleiades\2024-12\java\21\bin\server\jvm.dll
0x00007ffd47090000 - 0x00007ffd47104000 	C:\WINDOWS\System32\WS2_32.dll
0x00007ffd43e00000 - 0x00007ffd43e5e000 	C:\WINDOWS\SYSTEM32\POWRPROF.dll
0x00007ffd2bb50000 - 0x00007ffd2bb86000 	C:\WINDOWS\SYSTEM32\WINMM.dll
0x00007ffd3c0c0000 - 0x00007ffd3c0cb000 	C:\WINDOWS\SYSTEM32\VERSION.dll
0x00007ffd43de0000 - 0x00007ffd43df4000 	C:\WINDOWS\SYSTEM32\UMPDC.dll
0x00007ffd440c0000 - 0x00007ffd440da000 	C:\WINDOWS\SYSTEM32\kernel.appcore.dll
0x00007ffd41dc0000 - 0x00007ffd41dca000 	C:\pleiades\2024-12\java\21\bin\jimage.dll
0x00007ffd43440000 - 0x00007ffd43681000 	C:\WINDOWS\SYSTEM32\DBGHELP.DLL
0x00007ffd47160000 - 0x00007ffd474e2000 	C:\WINDOWS\System32\combase.dll
0x00007ffd46fb0000 - 0x00007ffd47086000 	C:\WINDOWS\System32\OLEAUT32.dll
0x00007ffd2dd80000 - 0x00007ffd2ddb9000 	C:\WINDOWS\SYSTEM32\dbgcore.DLL
0x00007ffd451c0000 - 0x00007ffd45259000 	C:\WINDOWS\System32\bcryptPrimitives.dll
0x00007ffd3e090000 - 0x00007ffd3e0cc000 	C:\pleiades\2024-12\java\21\bin\jdwp.dll
0x00007ffd41db0000 - 0x00007ffd41dbf000 	C:\pleiades\2024-12\java\21\bin\instrument.dll
0x00007ffd3eec0000 - 0x00007ffd3eedf000 	C:\pleiades\2024-12\java\21\bin\java.dll
0x00007ffd462a0000 - 0x00007ffd469c9000 	C:\WINDOWS\System32\SHELL32.dll
0x00007ffd45c70000 - 0x00007ffd45dd8000 	C:\WINDOWS\System32\wintypes.dll
0x00007ffd42be0000 - 0x00007ffd43432000 	C:\WINDOWS\SYSTEM32\windows.storage.dll
0x00007ffd47e30000 - 0x00007ffd47f1d000 	C:\WINDOWS\System32\SHCORE.dll
0x00007ffd47bf0000 - 0x00007ffd47c54000 	C:\WINDOWS\System32\shlwapi.dll
0x00007ffd450d0000 - 0x00007ffd450ff000 	C:\WINDOWS\SYSTEM32\profapi.dll
0x00007ffd41f50000 - 0x00007ffd41f5b000 	C:\pleiades\2024-12\java\21\bin\dt_socket.dll
0x00007ffd43a30000 - 0x00007ffd43a63000 	C:\WINDOWS\SYSTEM32\IPHLPAPI.DLL
0x00007ffd44610000 - 0x00007ffd4467a000 	C:\WINDOWS\system32\mswsock.dll
0x00007ffd43ac0000 - 0x00007ffd43be5000 	C:\WINDOWS\SYSTEM32\DNSAPI.dll
0x00007ffd47aa0000 - 0x00007ffd47aaa000 	C:\WINDOWS\System32\NSI.dll
0x00007ffd3df10000 - 0x00007ffd3df1b000 	C:\Windows\System32\rasadhlp.dll
0x00007ffd3c030000 - 0x00007ffd3c0b5000 	C:\WINDOWS\System32\fwpuclnt.dll
0x00007ffd3ea00000 - 0x00007ffd3ea18000 	C:\pleiades\2024-12\java\21\bin\zip.dll
0x00007ffd40020000 - 0x00007ffd40030000 	C:\pleiades\2024-12\java\21\bin\net.dll
0x00007ffd3d5c0000 - 0x00007ffd3d6dd000 	C:\WINDOWS\SYSTEM32\WINHTTP.dll
0x00007ffd3e860000 - 0x00007ffd3e876000 	C:\pleiades\2024-12\java\21\bin\nio.dll
0x00007ffd33ec0000 - 0x00007ffd33eca000 	C:\pleiades\2024-12\java\21\bin\management.dll
0x00007ffd33180000 - 0x00007ffd3318b000 	C:\pleiades\2024-12\java\21\bin\management_ext.dll
0x00007ffd15320000 - 0x00007ffd15338000 	C:\WINDOWS\system32\napinsp.dll
0x00007ffd15300000 - 0x00007ffd15312000 	C:\WINDOWS\System32\winrnr.dll
0x00007ffd14fb0000 - 0x00007ffd14fe0000 	C:\WINDOWS\system32\nlansp_c.dll
0x00007ffd3d520000 - 0x00007ffd3d536000 	C:\WINDOWS\system32\wshbth.dll
0x00007ffd2e1a0000 - 0x00007ffd2e1b0000 	C:\pleiades\2024-12\java\21\bin\verify.dll
0x00007ffd448b0000 - 0x00007ffd448cc000 	C:\WINDOWS\SYSTEM32\CRYPTSP.dll
0x00007ffd44020000 - 0x00007ffd4405a000 	C:\WINDOWS\system32\rsaenh.dll
0x00007ffd446b0000 - 0x00007ffd446db000 	C:\WINDOWS\SYSTEM32\USERENV.dll
0x00007ffd450a0000 - 0x00007ffd450c6000 	C:\WINDOWS\SYSTEM32\bcrypt.dll
0x00007ffd448d0000 - 0x00007ffd448dc000 	C:\WINDOWS\SYSTEM32\CRYPTBASE.dll
0x00007ffd3e4c0000 - 0x00007ffd3e4c9000 	C:\pleiades\2024-12\java\21\bin\extnet.dll
0x00007ffd3eeb0000 - 0x00007ffd3eebe000 	C:\pleiades\2024-12\java\21\bin\sunmscapi.dll
0x00007ffd45260000 - 0x00007ffd453d7000 	C:\WINDOWS\System32\CRYPT32.dll
0x00007ffd44ab0000 - 0x00007ffd44ae0000 	C:\WINDOWS\SYSTEM32\ncrypt.dll
0x00007ffd44a60000 - 0x00007ffd44a9f000 	C:\WINDOWS\SYSTEM32\NTASN1.dll
0x00007ffd3e5c0000 - 0x00007ffd3e5c8000 	C:\WINDOWS\system32\wshunix.dll

dbghelp: loaded successfully - version: 4.0.5 - missing functions: none
symbol engine: initialized successfully - sym options: 0x614 - pdb path: .;C:\pleiades\2024-12\java\21\bin;C:\WINDOWS\SYSTEM32;C:\Program Files\Norton\Suite;C:\Program Files\Norton Security\NortonData\22.23.5.106\Definitions\IPSDefs\20250429.064;C:\WINDOWS\WinSxS\amd64_microsoft.windows.common-controls_6595b64144ccf1df_6.0.26100.3624_none_3e086962e3345f24;C:\pleiades\2024-12\java\21\bin\server

VM Arguments:
jvm_args: -XX:+ShowCodeDetailsInExceptionMessages -agentlib:jdwp=transport=dt_socket,suspend=y,address=localhost:52361 -Dcom.sun.management.jmxremote -Dcom.sun.management.jmxremote.port=52360 -Dcom.sun.management.jmxremote.authenticate=false -Dcom.sun.management.jmxremote.ssl=false -Djava.rmi.server.hostname=localhost -Dspring.jmx.enabled=true -Dmanagement.endpoints.jmx.exposure.include=* -Dspring.application.admin.enabled=true -XX:TieredStopAtLevel=1 -Dspring.boot.project.name=UserManagementSystem -javaagent:C:\pleiades\2024-12\eclipse\configuration\org.eclipse.osgi\252\0\.cp\lib\javaagent-shaded.jar -Dfile.encoding=UTF-8 -Dstdout.encoding=UTF-8 -Dstderr.encoding=UTF-8 
java_command: com.example.demo.UserManagementSystemApplication --spring.output.ansi.enabled=always
java_class_path (initial): C:\Users\.DESKTOP-I64FA7H\Desktop\JK\p\DevelopmentTrainingMain\UserManagementSystem\target\classes;C:\Users\.DESKTOP-I64FA7H\Desktop\JK\p\DevelopmentTrainingMain\UserManagementSystem\lib\postgresql-42.7.5.jar;C:\Users\.DESKTOP-I64FA7H\.m2\repository\org\springframework\boot\spring-boot-starter-data-jpa\3.4.5\spring-boot-starter-data-jpa-3.4.5.jar;C:\Users\.DESKTOP-I64FA7H\.m2\repository\org\springframework\boot\spring-boot-starter\3.4.5\spring-boot-starter-3.4.5.jar;C:\Users\.DESKTOP-I64FA7H\.m2\repository\org\springframework\boot\spring-boot-starter-logging\3.4.5\spring-boot-starter-logging-3.4.5.jar;C:\Users\.DESKTOP-I64FA7H\.m2\repository\ch\qos\logback\logback-classic\1.5.18\logback-classic-1.5.18.jar;C:\Users\.DESKTOP-I64FA7H\.m2\repository\ch\qos\logback\logback-core\1.5.18\logback-core-1.5.18.jar;C:\Users\.DESKTOP-I64FA7H\.m2\repository\org\apache\logging\log4j\log4j-to-slf4j\2.24.3\log4j-to-slf4j-2.24.3.jar;C:\Users\.DESKTOP-I64FA7H\.m2\repository\org\apache\logging\log4j\log4j-api\2.24.3\log4j-api-2.24.3.jar;C:\Users\.DESKTOP-I64FA7H\.m2\repository\org\slf4j\jul-to-slf4j\2.0.17\jul-to-slf4j-2.0.17.jar;C:\Users\.DESKTOP-I64FA7H\.m2\repository\jakarta\annotation\jakarta.annotation-api\2.1.1\jakarta.annotation-api-2.1.1.jar;C:\Users\.DESKTOP-I64FA7H\.m2\repository\org\yaml\snakeyaml\2.3\snakeyaml-2.3.jar;C:\Users\.DESKTOP-I64FA7H\.m2\repository\org\springframework\boot\spring-boot-starter-jdbc\3.4.5\spring-boot-starter-jdbc-3.4.5.jar;C:\Users\.DESKTOP-I64FA7H\.m2\repository\com\zaxxer\HikariCP\5.1.0\HikariCP-5.1.0.jar;C:\Users\.DESKTOP-I64FA7H\.m2\repository\org\springframework\spring-jdbc\6.2.6\spring-jdbc-6.2.6.jar;C:\Users\.DESKTOP-I64FA7H\.m2\repository\org\hibernate\orm\hibernate-core\6.6.13.Final\hibernate-core-6.6.13.Final.jar;C:\Users\.DESKTOP-I64FA7H\.m2\repository\jakarta\persistence\jakarta.persistence-api\3.1.0\jakarta.persistence-api-3.1.0.jar;C:\Users\.DESKTOP-I64FA7H\.m2\repository\jakarta\transaction\jakarta.transaction-api\2.0.1\jakarta.transaction-api-2.0.1.jar;C:\Users\.DESKTOP-I64FA7H\.m2\repository\org\jboss\logging\jboss-logging\3.6.1.Final\jboss-logging-3.6.1.Final.jar;C:\Users\.DESKTOP-I64FA7H\.m2\repository\org\hibernate\common\hibernate-commons-annotations\7.0.3.Final\hibernate-commons-annotations-7.0.3.Final.jar;C:\Users\.DESKTOP-I64FA7H\.m2\repository\io\smallrye\jandex\3.2.0\jandex-3.2.0.jar;C:\Users\.DESKTOP-I64FA7H\.m2\repository\com\fasterxml\classmate\1.7.0\classmate-1.7.0.jar;C:\Users\.DESKTOP-I64FA7H\.m2\repository\net\bytebuddy\byte-buddy\1.15.11\byte-buddy-1.15.11.jar;C:\Users\.DESKTOP-I64FA7H\.m2\repository\org\glassfish\jaxb\jaxb-runtime\4.0.5\jaxb-runtime-4.0.5.jar;C:\Users\.DESKTOP-I64FA7H\.m2\repository\org\glassfish\jaxb\jaxb-core\4.0.5\jaxb-core-4.0.5.jar;C:\Users\.DESKTOP-I64FA7H\.m2\repository\org\eclipse\angus\angus-activation\2.0.2\angus-activation-2.0.2.jar;C:\Users\.DESKTOP-I64FA7H\.m2\repository\org\glassfish\jaxb\txw2\4.0.5\txw2-4.0.5.jar;C:\Users\.DESKTOP-I64FA7H\.m2\repository\com\sun\istack\istack-commons-runtime\4.1.2\istack-commons-runtime-4.1.2.jar;C:\Users\.DESKTOP-I64FA7H\.m2\repository\jakarta\inject\jakarta.inject-api\2.0.1\jakarta.inject-api-2.0.1.jar;C:\Users\.DESKTOP-I64FA7H\.m2\repository\org\antlr\antlr4-runtime\4.13.0\antlr4-runtime-4.13.0.jar;C:\Users\.DESKTOP-I64FA7H\.m2\repository\org\springframework\data\spring-data-jpa\3.4.5\spring-data-jpa-3.4.5.jar;C:\Users\.DESKTOP-I64FA7H\.m2\repository\org\springframework\data\spring-data-commons\3.4.5\spring-data-commons-3.4.5.jar;C:\Users\.DESKTOP-I64FA7H\.m2\repository\org\springframework\spring-orm\6.2.6\spring-orm-6.2.6.jar;C:\Users\.DESKTOP-I64FA7H\.m2\repository\org\springframework\spring-tx\6.2.6\spring-tx-6.2.6.jar;C:\Users\.DESKTOP-I64FA7H\.m2\repository\org\springframework\spring-aspects\6.2.6\spring-aspects-6.2.6.jar;C:\Users\.DESKTOP-I64FA7H\.m2\repository\org\aspectj\aspectjweaver\1.9.24\aspectjweaver-1.9.24.jar;C:\Users\.DESKTOP-I64FA7H\.m2\repository\org\springframework\boot\spring-boot-starter-security\3.4.5\spring-boot-starter-security-3.4.5.jar;C:\Users\.DESKTOP-I64FA7H\.m2\repository\org\springframework\spring-aop\6.2.6\spring-aop-6.2.6.jar;C:\Users\.DESKTOP-I64FA7H\.m2\repository\org\springframework\security\spring-security-web\6.4.5\spring-security-web-6.4.5.jar;C:\Users\.DESKTOP-I64FA7H\.m2\repository\org\springframework\spring-expression\6.2.6\spring-expression-6.2.6.jar;C:\Users\.DESKTOP-I64FA7H\.m2\repository\org\springframework\boot\spring-boot-starter-thymeleaf\3.4.5\spring-boot-starter-thymeleaf-3.4.5.jar;C:\Users\.DESKTOP-I64FA7H\.m2\repository\org\thymeleaf\thymeleaf-spring6\3.1.3.RELEASE\thymeleaf-spring6-3.1.3.RELEASE.jar;C:\Users\.DESKTOP-I64FA7H\.m2\repository\org\thymeleaf\thymeleaf\3.1.3.RELEASE\thymeleaf-3.1.3.RELEASE.jar;C:\Users\.DESKTOP-I64FA7H\.m2\repository\org\attoparser\attoparser\2.0.7.RELEASE\attoparser-2.0.7.RELEASE.jar;C:\Users\.DESKTOP-I64FA7H\.m2\repository\org\unbescape\unbescape\1.1.6.RELEASE\unbescape-1.1.6.RELEASE.jar;C:\Users\.DESKTOP-I64FA7H\.m2\repository\org\springframework\boot\spring-boot-starter-web\3.4.5\spring-boot-starter-web-3.4.5.jar;C:\Users\.DESKTOP-I64FA7H\.m2\repository\org\springframework\boot\spring-boot-starter-json\3.4.5\spring-boot-starter-json-3.4.5.jar;C:\Users\.DESKTOP-I64FA7H\.m2\repository\com\fasterxml\jackson\core\jackson-databind\2.18.3\jackson-databind-2.18.3.jar;C:\Users\.DESKTOP-I64FA7H\.m2\repository\com\fasterxml\jackson\core\jackson-annotations\2.18.3\jackson-annotations-2.18.3.jar;C:\Users\.DESKTOP-I64FA7H\.m2\repository\com\fasterxml\jackson\core\jackson-core\2.18.3\jackson-core-2.18.3.jar;C:\Users\.DESKTOP-I64FA7H\.m2\repository\com\fasterxml\jackson\datatype\jackson-datatype-jdk8\2.18.3\jackson-datatype-jdk8-2.18.3.jar;C:\Users\.DESKTOP-I64FA7H\.m2\repository\com\fasterxml\jackson\datatype\jackson-datatype-jsr310\2.18.3\jackson-datatype-jsr310-2.18.3.jar;C:\Users\.DESKTOP-I64FA7H\.m2\repository\com\fasterxml\jackson\module\jackson-module-parameter-names\2.18.3\jackson-module-parameter-names-2.18.3.jar;C:\Users\.DESKTOP-I64FA7H\.m2\repository\org\springframework\boot\spring-boot-starter-tomcat\3.4.5\spring-boot-starter-tomcat-3.4.5.jar;C:\Users\.DESKTOP-I64FA7H\.m2\repository\org\apache\tomcat\embed\tomcat-embed-core\10.1.40\tomcat-embed-core-10.1.40.jar;C:\Users\.DESKTOP-I64FA7H\.m2\repository\org\apache\tomcat\embed\tomcat-embed-websocket\10.1.40\tomcat-embed-websocket-10.1.40.jar;C:\Users\.DESKTOP-I64FA7H\.m2\repository\org\springframework\spring-web\6.2.6\spring-web-6.2.6.jar;C:\Users\.DESKTOP-I64FA7H\.m2\repository\io\micrometer\micrometer-observation\1.14.6\micrometer-observation-1.14.6.jar;C:\Users\.DESKTOP-I64FA7H\.m2\repository\io\micrometer\micrometer-commons\1.14.6\micrometer-commons-1.14.6.jar;C:\Users\.DESKTOP-I64FA7H\.m2\repository\org\springframework\spring-webmvc\6.2.6\spring-webmvc-6.2.6.jar;C:\Users\.DESKTOP-I64FA7H\.m2\repository\org\springframework\session\spring-session-core\3.4.3\spring-session-core-3.4.3.jar;C:\Users\.DESKTOP-I64FA7H\.m2\repository\org\springframework\spring-jcl\6.2.6\spring-jcl-6.2.6.jar;C:\Users\.DESKTOP-I64FA7H\.m2\repository\org\thymeleaf\extras\thymeleaf-extras-springsecurity6\3.1.3.RELEASE\thymeleaf-extras-springsecurity6-3.1.3.RELEASE.jar;C:\Users\.DESKTOP-I64FA7H\.m2\repository\org\slf4j\slf4j-api\2.0.17\slf4j-api-2.0.17.jar;C:\Users\.DESKTOP-I64FA7H\.m2\repository\org\springframework\boot\spring-boot-devtools\3.4.5\spring-boot-devtools-3.4.5.jar;C:\Users\.DESKTOP-I64FA7H\.m2\repository\org\springframework\boot\spring-boot\3.4.5\spring-boot-3.4.5.jar;C:\Users\.DESKTOP-I64FA7H\.m2\repository\org\springframework\boot\spring-boot-autoconfigure\3.4.5\spring-boot-autoconfigure-3.4.5.jar;C:\Users\.DESKTOP-I64FA7H\.m2\repository\org\postgresql\postgresql\42.7.5\postgresql-42.7.5.jar;C:\Users\.DESKTOP-I64FA7H\.m2\repository\org\checkerframework\checker-qual\3.48.3\checker-qual-3.48.3.jar;C:\Users\.DESKTOP-I64FA7H\.m2\repository\org\projectlombok\lombok\1.18.38\lombok-1.18.38.jar;C:\Users\.DESKTOP-I64FA7H\.m2\repository\jakarta\xml\bind\jakarta.xml.bind-api\4.0.2\jakarta.xml.bind-api-4.0.2.jar;C:\Users\.DESKTOP-I64FA7H\.m2\repository\jakarta\activation\jakarta.activation-api\2.1.3\jakarta.activation-api-2.1.3.jar;C:\Users\.DESKTOP-I64FA7H\.m2\repository\org\springframework\spring-core\6.2.6\spring-core-6.2.6.jar;C:\Users\.DESKTOP-I64FA7H\.m2\repository\org\springframework\security\spring-security-core\6.4.5\spring-security-core-6.4.5.jar;C:\Users\.DESKTOP-I64FA7H\.m2\repository\org\springframework\security\spring-security-crypto\6.4.5\spring-security-crypto-6.4.5.jar;C:\Users\.DESKTOP-I64FA7H\.m2\repository\jakarta\validation\jakarta.validation-api\3.0.2\jakarta.validation-api-3.0.2.jar;C:\Users\.DESKTOP-I64FA7H\.m2\repository\org\springframework\security\spring-security-config\6.4.5\spring-security-config-6.4.5.jar;C:\Users\.DESKTOP-I64FA7H\.m2\repository\org\springframework\spring-beans\6.2.6\spring-beans-6.2.6.jar;C:\Users\.DESKTOP-I64FA7H\.m2\repository\org\springframework\spring-context\6.2.6\spring-context-6.2.6.jar;C:\Users\.DESKTOP-I64FA7H\.m2\repository\org\springframework\boot\spring-boot-starter-validation\3.4.5\spring-boot-starter-validation-3.4.5.jar;C:\Users\.DESKTOP-I64FA7H\.m2\repository\org\apache\tomcat\embed\tomcat-embed-el\10.1.40\tomcat-embed-el-10.1.40.jar;C:\Users\.DESKTOP-I64FA7H\.m2\repository\org\hibernate\validator\hibernate-validator\8.0.2.Final\hibernate-validator-8.0.2.Final.jar
Launcher Type: SUN_STANDARD

[Global flags]
     intx CICompilerCount                          = 12                                        {product} {ergonomic}
     uint ConcGCThreads                            = 3                                         {product} {ergonomic}
     uint G1ConcRefinementThreads                  = 13                                        {product} {ergonomic}
   size_t G1HeapRegionSize                         = 2097152                                   {product} {ergonomic}
    uintx GCDrainStackTargetSize                   = 64                                        {product} {ergonomic}
   size_t InitialHeapSize                          = 266338304                                 {product} {ergonomic}
     bool ManagementServer                         = true                                      {product} {command line}
   size_t MarkStackSize                            = 4194304                                   {product} {ergonomic}
   size_t MaxHeapSize                              = 4253024256                                {product} {ergonomic}
   size_t MaxNewSize                               = 2550136832                                {product} {ergonomic}
   size_t MinHeapDeltaBytes                        = 2097152                                   {product} {ergonomic}
   size_t MinHeapSize                              = 8388608                                   {product} {ergonomic}
    uintx NonNMethodCodeHeapSize                   = 4096                                   {pd product} {ergonomic}
    uintx NonProfiledCodeHeapSize                  = 0                                      {pd product} {ergonomic}
     bool ProfileInterpreter                       = false                                  {pd product} {command line}
    uintx ProfiledCodeHeapSize                     = 0                                      {pd product} {ergonomic}
     bool ShowCodeDetailsInExceptionMessages       = true                                   {manageable} {command line}
   size_t SoftMaxHeapSize                          = 4253024256                             {manageable} {ergonomic}
     intx TieredStopAtLevel                        = 1                                         {product} {command line}
     bool UseCompressedOops                        = true                           {product lp64_product} {ergonomic}
     bool UseG1GC                                  = true                                      {product} {ergonomic}
     bool UseLargePagesIndividualAllocation        = false                                  {pd product} {ergonomic}

Logging:
Log output configuration:
 #0: stdout all=warning uptime,level,tags foldmultilines=false
 #1: stderr all=off uptime,level,tags foldmultilines=false

Environment Variables:
PATH=C:/pleiades/2024-12/java/21/bin/server;C:/pleiades/2024-12/java/21/bin;C:\Program Files\Common Files\Oracle\Java\javapath;C:\Program Files (x86)\Common Files\Oracle\Java\java8path;C:\Program Files (x86)\Common Files\Oracle\Java\javapath;C:\Program Files (x86)\Razer Chroma SDK\bin;C:\Program Files\Razer Chroma SDK\bin;C:\Program Files (x86)\Razer\ChromaBroadcast\bin;C:\Program Files\Razer\ChromaBroadcast\bin;C:\Windows\system32;C:\Windows;C:\Windows\System32\Wbem;C:\Windows\System32\WindowsPowerShell\v1.0\;C:\Windows\System32\OpenSSH\;C:\Program Files (x86)\NVIDIA Corporation\PhysX\Common;C:\Program Files\NVIDIA Corporation\NVIDIA NvDLISR;C:\Windows\system32\config\systemprofile\AppData\Local\Microsoft\WindowsApps;C:\WINDOWS\system32;C:\WINDOWS;C:\WINDOWS\System32\Wbem;C:\WINDOWS\System32\WindowsPowerShell\v1.0\;C:\WINDOWS\System32\OpenSSH\;C:\Program Files\Git\cmd;C:\Users\.DESKTOP-I64FA7H\AppData\Local\Microsoft\WindowsApps;C:\Users\.DESKTOP-I64FA7H\AppData\Local\Programs\Microsoft VS Code\bin;C:\Users\.DESKTOP-I64FA7H\AppData\Local\GitHubDesktop\bin;C:\ProgramData\\GitHubDesktop\bin;C:\pleiades\2024-12\eclipse;
USERNAME=
OS=Windows_NT
PROCESSOR_IDENTIFIER=Intel64 Family 6 Model 165 Stepping 2, GenuineIntel
TMP=C:\Users\~1.DES\AppData\Local\Temp
TEMP=C:\Users\~1.DES\AppData\Local\Temp




Periodic native trim disabled

---------------  S Y S T E M  ---------------

OS:
 Windows 11 , 64 bit Build 26100 (10.0.26100.3775)
OS uptime: 2 days 23:27 hours
Hyper-V role detected

CPU: total 16 (initial active 16) (8 cores per cpu, 2 threads per core) family 6 model 165 stepping 2 microcode 0xe0, cx8, cmov, fxsr, ht, mmx, 3dnowpref, sse, sse2, sse3, ssse3, sse4.1, sse4.2, popcnt, lzcnt, tsc, tscinvbit, avx, avx2, aes, erms, clmul, bmi1, bmi2, adx, fma, vzeroupper, clflush, clflushopt, hv, rdtscp, f16c
Processor Information for all 16 processors :
  Max Mhz: 2304, Current Mhz: 2304, Mhz Limit: 2304

Memory: 4k page, system-wide physical 16220M (3637M free)
TotalPageFile size 30044M (AvailPageFile size 13651M)
current process WorkingSet (physical memory assigned to process): 304M, peak: 304M
current process commit charge ("private bytes"): 352M, peak: 378M

vm_info: OpenJDK 64-Bit Server VM (21.0.5+11-LTS) for windows-amd64 JRE (21.0.5+11-LTS), built on 2024-10-15T00:00:00Z by "admin" with MS VC++ 17.7 (VS2022)

END.
